Log file open, 01/29/20 01:21:38
LogWindows: Failed to load 'aqProf.dll' (GetLastError=126)
LogWindows: File 'aqProf.dll' does not exist
LogWindows: Failed to load 'VtuneApi.dll' (GetLastError=126)
LogWindows: File 'VtuneApi.dll' does not exist
LogWindows: Failed to load 'VtuneApi32e.dll' (GetLastError=126)
LogWindows: File 'VtuneApi32e.dll' does not exist
LogConsoleResponse: Display: Failed to find resolution value strings in scalability ini. Falling back to default.
LogInit: Display: Running engine for game: FPS
LogPlatformFile: Not using cached read wrapper
LogTaskGraph: Started task graph with 5 named threads and 23 total threads with 3 sets of task threads.
LogStats: Stats thread started at 0.106602
LogD3D11RHI: Loaded GFSDK_Aftermath_Lib.x64.dll
LogICUInternationalization: ICU TimeZone Detection - Raw Offset: +1:00, Platform Override: ''
LogPluginManager: Mounting plugin Paper2D
LogPluginManager: Mounting plugin AISupport
LogPluginManager: Mounting plugin LightPropagationVolume
LogPluginManager: Mounting plugin ActorLayerUtilities
LogPluginManager: Mounting plugin AnimationSharing
LogPluginManager: Mounting plugin CLionSourceCodeAccess
LogPluginManager: Mounting plugin CodeLiteSourceCodeAccess
LogPluginManager: Mounting plugin GitSourceControl
LogPluginManager: Mounting plugin KDevelopSourceCodeAccess
LogPluginManager: Mounting plugin NullSourceCodeAccess
LogPluginManager: Mounting plugin PerforceSourceControl
LogPluginManager: Mounting plugin SubversionSourceControl
LogPluginManager: Mounting plugin UObjectPlugin
LogPluginManager: Mounting plugin VisualStudioCodeSourceCodeAccess
LogPluginManager: Mounting plugin VisualStudioSourceCodeAccess
LogPluginManager: Mounting plugin XCodeSourceCodeAccess
LogPluginManager: Mounting plugin AssetManagerEditor
LogPluginManager: Mounting plugin CryptoKeys
LogPluginManager: Mounting plugin CurveEditorTools
LogPluginManager: Mounting plugin DataValidation
LogPluginManager: Mounting plugin FacialAnimation
LogPluginManager: Mounting plugin GameplayTagsEditor
LogPluginManager: Mounting plugin MacGraphicsSwitching
LogPluginManager: Mounting plugin MaterialAnalyzer
LogPluginManager: Mounting plugin MobileLauncherProfileWizard
LogPluginManager: Mounting plugin PluginBrowser
LogPluginManager: Mounting plugin SpeedTreeImporter
LogPluginManager: Mounting plugin DatasmithContent
LogPluginManager: Mounting plugin VariantManagerContent
LogPluginManager: Mounting plugin AlembicImporter
LogPluginManager: Mounting plugin AutomationUtils
LogPluginManager: Mounting plugin BackChannel
LogPluginManager: Mounting plugin CharacterAI
LogPluginManager: Mounting plugin GeometryCache
LogPluginManager: Mounting plugin HTML5Networking
LogPluginManager: Mounting plugin PlatformCrypto
LogPluginManager: Mounting plugin ProxyLODPlugin
LogPluginManager: Mounting plugin SkeletalReduction
LogPluginManager: Mounting plugin MagicLeap
LogPluginManager: Mounting plugin MagicLeapMedia
LogPluginManager: Mounting plugin AndroidMedia
LogPluginManager: Mounting plugin AvfMedia
LogPluginManager: Mounting plugin ImgMedia
LogPluginManager: Mounting plugin MediaCompositing
LogPluginManager: Mounting plugin MediaPlayerEditor
LogPluginManager: Mounting plugin WebMMedia
LogPluginManager: Mounting plugin WmfMedia
LogPluginManager: Mounting plugin TcpMessaging
LogPluginManager: Mounting plugin UdpMessaging
LogPluginManager: Mounting plugin ActorSequence
LogPluginManager: Mounting plugin LevelSequenceEditor
LogPluginManager: Mounting plugin MatineeToLevelSequence
LogPluginManager: Mounting plugin NetcodeUnitTest
LogPluginManager: Mounting plugin NUTUnrealEngine4
LogPluginManager: Mounting plugin OnlineSubsystemGooglePlay
LogPluginManager: Mounting plugin OnlineSubsystemIOS
LogPluginManager: Mounting plugin OnlineSubsystem
LogPluginManager: Mounting plugin OnlineSubsystemNull
LogPluginManager: Mounting plugin OnlineSubsystemUtils
LogPluginManager: Mounting plugin LauncherChunkInstaller
LogPluginManager: Mounting plugin AndroidDeviceProfileSelector
LogPluginManager: Mounting plugin AndroidMoviePlayer
LogPluginManager: Mounting plugin AndroidPermission
LogPluginManager: Mounting plugin ApexDestruction
LogPluginManager: Mounting plugin AppleImageUtils
LogPluginManager: Mounting plugin AppleMoviePlayer
LogPluginManager: Mounting plugin ArchVisCharacter
LogPluginManager: Mounting plugin AudioCapture
LogPluginManager: Mounting plugin CableComponent
LogPluginManager: Mounting plugin CustomMeshComponent
LogPluginManager: Mounting plugin EditableMesh
LogPluginManager: Mounting plugin ExampleDeviceProfileSelector
LogPluginManager: Mounting plugin GoogleCloudMessaging
LogPluginManager: Mounting plugin IOSDeviceProfileSelector
LogPluginManager: Mounting plugin LinuxDeviceProfileSelector
LogPluginManager: Mounting plugin LocationServicesBPLibrary
LogPluginManager: Mounting plugin MobilePatchingUtils
LogPluginManager: Mounting plugin OculusVR
LogPluginManager: Mounting plugin PhysXVehicles
LogPluginManager: Mounting plugin ProceduralMeshComponent
LogPluginManager: Mounting plugin RuntimePhysXCooking
LogPluginManager: Mounting plugin SignificanceManager
LogPluginManager: Mounting plugin SteamVR
LogPluginManager: Mounting plugin WebMMoviePlayer
LogPluginManager: Mounting plugin WindowsMoviePlayer
LogPluginManager: Mounting plugin ScreenshotTools
LogInit: Using libcurl 7.55.1-DEV
LogInit:  - built for x86_64-pc-win32
LogInit:  - supports SSL with OpenSSL/1.1.1
LogInit:  - supports HTTP deflate (compression) using libz 1.2.8
LogInit:  - other features:
LogInit:      CURL_VERSION_SSL
LogInit:      CURL_VERSION_LIBZ
LogInit:      CURL_VERSION_IPV6
LogInit:      CURL_VERSION_ASYNCHDNS
LogInit:      CURL_VERSION_LARGEFILE
LogInit:      CURL_VERSION_IDN
LogInit:  CurlRequestOptions (configurable via config and command line):
LogInit:  - bVerifyPeer = true  - Libcurl will verify peer certificate
LogInit:  - bUseHttpProxy = false  - Libcurl will NOT use HTTP proxy
LogInit:  - bDontReuseConnections = false  - Libcurl will reuse connections
LogInit:  - MaxHostConnections = 16  - Libcurl will limit the number of connections to a host
LogInit:  - LocalHostAddr = Default
LogInit:  - BufferSize = 65536
LogOnline: OSS: Creating online subsystem instance for: NULL
LogInit: WinSock: version 1.1 (2.2), MaxSocks=32767, MaxUdp=65467
LogInit: Build: ++UE4+Release-4.23-CL-9631420
LogInit: Engine Version: 4.23.1-9631420+++UE4+Release-4.23
LogInit: Compatible Engine Version: 4.23.0-8386587+++UE4+Release-4.23
LogInit: Net CL: 8386587
LogInit: OS: Windows 10 (Release 2004) (), CPU: Intel(R) Core(TM) i7-7700HQ CPU @ 2.80GHz, GPU: Intel(R) HD Graphics 630
LogInit: Compiled (64-bit): Oct 18 2019 02:07:44
LogInit: Compiled with Visual C++: 19.16.27030.01
LogInit: Build Configuration: Development
LogInit: Branch Name: ++UE4+Release-4.23
LogInit: Command Line: 
LogInit: Base Directory: C:/Program Files/Epic Games/UE_4.23/Engine/Binaries/Win64/
LogInit: Installed Engine Build: 1
LogDevObjectVersion: Number of dev versions registered: 23
LogDevObjectVersion:   Dev-Blueprints (B0D832E4-1F89-4F0D-ACCF-7EB736FD4AA2): 10
LogDevObjectVersion:   Dev-Build (E1C64328-A22C-4D53-A36C-8E866417BD8C): 0
LogDevObjectVersion:   Dev-Core (375EC13C-06E4-48FB-B500-84F0262A717E): 3
LogDevObjectVersion:   Dev-Editor (E4B068ED-F494-42E9-A231-DA0B2E46BB41): 34
LogDevObjectVersion:   Dev-Framework (CFFC743F-43B0-4480-9391-14DF171D2073): 35
LogDevObjectVersion:   Dev-Mobile (B02B49B5-BB20-44E9-A304-32B752E40360): 2
LogDevObjectVersion:   Dev-Networking (A4E4105C-59A1-49B5-A7C5-40C4547EDFEE): 0
LogDevObjectVersion:   Dev-Online (39C831C9-5AE6-47DC-9A44-9C173E1C8E7C): 0
LogDevObjectVersion:   Dev-Physics (78F01B33-EBEA-4F98-B9B4-84EACCB95AA2): 0
LogDevObjectVersion:   Dev-Platform (6631380F-2D4D-43E0-8009-CF276956A95A): 0
LogDevObjectVersion:   Dev-Rendering (12F88B9F-8875-4AFC-A67C-D90C383ABD29): 31
LogDevObjectVersion:   Dev-Sequencer (7B5AE74C-D270-4C10-A958-57980B212A5A): 11
LogDevObjectVersion:   Dev-VR (D7296918-1DD6-4BDD-9DE2-64A83CC13884): 2
LogDevObjectVersion:   Dev-LoadTimes (C2A15278-BFE7-4AFE-6C17-90FF531DF755): 1
LogDevObjectVersion:   Private-Geometry (6EACA3D4-40EC-4CC1-B786-8BED09428FC5): 3
LogDevObjectVersion:   Dev-AnimPhys (29E575DD-E0A3-4627-9D10-D276232CDCEA): 17
LogDevObjectVersion:   Dev-Anim (AF43A65D-7FD3-4947-9873-3E8ED9C1BB05): 2
LogDevObjectVersion:   Dev-ReflectionCapture (6B266CEC-1EC7-4B8F-A30B-E4D90942FC07): 1
LogDevObjectVersion:   Dev-Automation (0DF73D61-A23F-47EA-B727-89E90C41499A): 1
LogDevObjectVersion:   FortniteMain (601D1886-AC64-4F84-AA16-D3DE0DEAC7D6): 27
LogDevObjectVersion:   Dev-Enterprise (9DFFBCD6-494F-0158-E221-12823C92A888): 6
LogDevObjectVersion:   Dev-Niagara (F2AED0AC-9AFE-416F-8664-AA7FFA26D6FC): 1
LogDevObjectVersion:   Dev-Destruction (174F1F0B-B4C6-45A5-B13F-2EE8D0FB917D): 9
LogInit: Presizing for max 16777216 objects, including 0 objects not considered by GC, pre-allocating 0 bytes for permanent pool.
LogInit: Object subsystem initialized
LogConfig: Setting CVar [[con.DebugEarlyDefault:1]]
LogConfig: Setting CVar [[r.setres:1280x720]]
[2020.01.29-00.21.39:049][  0]LogConfig: Setting CVar [[r.VSync:0]]
[2020.01.29-00.21.39:049][  0]LogConfig: Setting CVar [[r.RHICmdBypass:0]]
[2020.01.29-00.21.39:049][  0]LogConfig: Applying CVar settings from Section [/Script/Engine.RendererSettings] File [C:/Users/humbe/Documents/Master Diseño de Videojuegos/Unreal/POC_ArmaConica-v1.2/Saved/Config/Windows/Engine.ini]
[2020.01.29-00.21.39:049][  0]LogConfig: Setting CVar [[r.GPUCrashDebugging:0]]
[2020.01.29-00.21.39:049][  0]LogConfig: Applying CVar settings from Section [/Script/Engine.RendererOverrideSettings] File [C:/Users/humbe/Documents/Master Diseño de Videojuegos/Unreal/POC_ArmaConica-v1.2/Saved/Config/Windows/Engine.ini]
[2020.01.29-00.21.39:049][  0]LogConfig: Applying CVar settings from Section [/Script/Engine.StreamingSettings] File [C:/Users/humbe/Documents/Master Diseño de Videojuegos/Unreal/POC_ArmaConica-v1.2/Saved/Config/Windows/Engine.ini]
[2020.01.29-00.21.39:049][  0]LogConfig: Setting CVar [[s.MinBulkDataSizeForAsyncLoading:131072]]
[2020.01.29-00.21.39:049][  0]LogConfig: Setting CVar [[s.AsyncLoadingThreadEnabled:0]]
[2020.01.29-00.21.39:049][  0]LogConfig: Setting CVar [[s.EventDrivenLoaderEnabled:1]]
[2020.01.29-00.21.39:049][  0]LogConfig: Setting CVar [[s.WarnIfTimeLimitExceeded:0]]
[2020.01.29-00.21.39:049][  0]LogConfig: Setting CVar [[s.TimeLimitExceededMultiplier:1.5]]
[2020.01.29-00.21.39:049][  0]LogConfig: Setting CVar [[s.TimeLimitExceededMinTime:0.005]]
[2020.01.29-00.21.39:049][  0]LogConfig: Setting CVar [[s.UseBackgroundLevelStreaming:1]]
[2020.01.29-00.21.39:049][  0]LogConfig: Setting CVar [[s.PriorityAsyncLoadingExtraTime:15.0]]
[2020.01.29-00.21.39:049][  0]LogConfig: Setting CVar [[s.LevelStreamingActorsUpdateTimeLimit:5.0]]
[2020.01.29-00.21.39:049][  0]LogConfig: Setting CVar [[s.PriorityLevelStreamingActorsUpdateExtraTime:5.0]]
[2020.01.29-00.21.39:049][  0]LogConfig: Setting CVar [[s.LevelStreamingComponentsRegistrationGranularity:10]]
[2020.01.29-00.21.39:049][  0]LogConfig: Setting CVar [[s.UnregisterComponentsTimeLimit:1.0]]
[2020.01.29-00.21.39:049][  0]LogConfig: Setting CVar [[s.LevelStreamingComponentsUnregistrationGranularity:5]]
[2020.01.29-00.21.39:049][  0]LogConfig: Applying CVar settings from Section [/Script/Engine.GarbageCollectionSettings] File [C:/Users/humbe/Documents/Master Diseño de Videojuegos/Unreal/POC_ArmaConica-v1.2/Saved/Config/Windows/Engine.ini]
[2020.01.29-00.21.39:049][  0]LogConfig: Setting CVar [[gc.MaxObjectsNotConsideredByGC:1]]
[2020.01.29-00.21.39:049][  0]LogConfig: Setting CVar [[gc.SizeOfPermanentObjectPool:0]]
[2020.01.29-00.21.39:049][  0]LogConfig: Setting CVar [[gc.FlushStreamingOnGC:0]]
[2020.01.29-00.21.39:049][  0]LogConfig: Setting CVar [[gc.NumRetriesBeforeForcingGC:10]]
[2020.01.29-00.21.39:050][  0]LogConfig: Setting CVar [[gc.AllowParallelGC:1]]
[2020.01.29-00.21.39:050][  0]LogConfig: Setting CVar [[gc.TimeBetweenPurgingPendingKillObjects:61.1]]
[2020.01.29-00.21.39:050][  0]LogConfig: Setting CVar [[gc.MaxObjectsInEditor:16777216]]
[2020.01.29-00.21.39:050][  0]LogConfig: Setting CVar [[gc.IncrementalBeginDestroyEnabled:1]]
[2020.01.29-00.21.39:050][  0]LogConfig: Setting CVar [[gc.CreateGCClusters:1]]
[2020.01.29-00.21.39:050][  0]LogConfig: Setting CVar [[gc.MinGCClusterSize:5]]
[2020.01.29-00.21.39:050][  0]LogConfig: Setting CVar [[gc.ActorClusteringEnabled:0]]
[2020.01.29-00.21.39:050][  0]LogConfig: Setting CVar [[gc.BlueprintClusteringEnabled:0]]
[2020.01.29-00.21.39:050][  0]LogConfig: Setting CVar [[gc.UseDisregardForGCOnDedicatedServers:0]]
[2020.01.29-00.21.39:050][  0]LogConfig: Applying CVar settings from Section [/Script/Engine.NetworkSettings] File [C:/Users/humbe/Documents/Master Diseño de Videojuegos/Unreal/POC_ArmaConica-v1.2/Saved/Config/Windows/Engine.ini]
[2020.01.29-00.21.39:050][  0]LogConfig: Applying CVar settings from Section [/Script/UnrealEd.CookerSettings] File [C:/Users/humbe/Documents/Master Diseño de Videojuegos/Unreal/POC_ArmaConica-v1.2/Saved/Config/Windows/Engine.ini]
[2020.01.29-00.21.39:053][  0]LogConfig: Applying CVar settings from Section [ViewDistanceQuality@3] File [C:/Users/humbe/Documents/Master Diseño de Videojuegos/Unreal/POC_ArmaConica-v1.2/Saved/Config/Windows/Scalability.ini]
[2020.01.29-00.21.39:053][  0]LogConfig: Setting CVar [[r.SkeletalMeshLODBias:0]]
[2020.01.29-00.21.39:053][  0]LogConfig: Setting CVar [[r.ViewDistanceScale:1.0]]
[2020.01.29-00.21.39:053][  0]LogConfig: Applying CVar settings from Section [AntiAliasingQuality@3] File [C:/Users/humbe/Documents/Master Diseño de Videojuegos/Unreal/POC_ArmaConica-v1.2/Saved/Config/Windows/Scalability.ini]
[2020.01.29-00.21.39:053][  0]LogConfig: Setting CVar [[r.PostProcessAAQuality:4]]
[2020.01.29-00.21.39:053][  0]LogConfig: Applying CVar settings from Section [ShadowQuality@3] File [C:/Users/humbe/Documents/Master Diseño de Videojuegos/Unreal/POC_ArmaConica-v1.2/Saved/Config/Windows/Scalability.ini]
[2020.01.29-00.21.39:053][  0]LogConfig: Setting CVar [[r.LightFunctionQuality:1]]
[2020.01.29-00.21.39:053][  0]LogConfig: Setting CVar [[r.ShadowQuality:5]]
[2020.01.29-00.21.39:053][  0]LogConfig: Setting CVar [[r.Shadow.CSM.MaxCascades:10]]
[2020.01.29-00.21.39:053][  0]LogConfig: Setting CVar [[r.Shadow.MaxResolution:2048]]
[2020.01.29-00.21.39:053][  0]LogConfig: Setting CVar [[r.Shadow.MaxCSMResolution:2048]]
[2020.01.29-00.21.39:053][  0]LogConfig: Setting CVar [[r.Shadow.RadiusThreshold:0.01]]
[2020.01.29-00.21.39:053][  0]LogConfig: Setting CVar [[r.Shadow.DistanceScale:1.0]]
[2020.01.29-00.21.39:053][  0]LogConfig: Setting CVar [[r.Shadow.CSM.TransitionScale:1.0]]
[2020.01.29-00.21.39:053][  0]LogConfig: Setting CVar [[r.Shadow.PreShadowResolutionFactor:1.0]]
[2020.01.29-00.21.39:053][  0]LogConfig: Setting CVar [[r.DistanceFieldShadowing:1]]
[2020.01.29-00.21.39:053][  0]LogConfig: Setting CVar [[r.DistanceFieldAO:1]]
[2020.01.29-00.21.39:053][  0]LogConfig: Setting CVar [[r.AOQuality:2]]
[2020.01.29-00.21.39:053][  0]LogConfig: Setting CVar [[r.VolumetricFog:1]]
[2020.01.29-00.21.39:053][  0]LogConfig: Setting CVar [[r.VolumetricFog.GridPixelSize:8]]
[2020.01.29-00.21.39:053][  0]LogConfig: Setting CVar [[r.VolumetricFog.GridSizeZ:128]]
[2020.01.29-00.21.39:053][  0]LogConfig: Setting CVar [[r.VolumetricFog.HistoryMissSupersampleCount:4]]
[2020.01.29-00.21.39:053][  0]LogConfig: Setting CVar [[r.LightMaxDrawDistanceScale:1]]
[2020.01.29-00.21.39:053][  0]LogConfig: Setting CVar [[r.CapsuleShadows:1]]
[2020.01.29-00.21.39:053][  0]LogConfig: Applying CVar settings from Section [PostProcessQuality@3] File [C:/Users/humbe/Documents/Master Diseño de Videojuegos/Unreal/POC_ArmaConica-v1.2/Saved/Config/Windows/Scalability.ini]
[2020.01.29-00.21.39:053][  0]LogConfig: Setting CVar [[r.MotionBlurQuality:4]]
[2020.01.29-00.21.39:053][  0]LogConfig: Setting CVar [[r.AmbientOcclusionMipLevelFactor:0.4]]
[2020.01.29-00.21.39:053][  0]LogConfig: Setting CVar [[r.AmbientOcclusionMaxQuality:100]]
[2020.01.29-00.21.39:053][  0]LogConfig: Setting CVar [[r.AmbientOcclusionLevels:-1]]
[2020.01.29-00.21.39:053][  0]LogConfig: Setting CVar [[r.AmbientOcclusionRadiusScale:1.0]]
[2020.01.29-00.21.39:053][  0]LogConfig: Setting CVar [[r.DepthOfFieldQuality:2]]
[2020.01.29-00.21.39:053][  0]LogConfig: Setting CVar [[r.RenderTargetPoolMin:400]]
[2020.01.29-00.21.39:053][  0]LogConfig: Setting CVar [[r.LensFlareQuality:2]]
[2020.01.29-00.21.39:053][  0]LogConfig: Setting CVar [[r.SceneColorFringeQuality:1]]
[2020.01.29-00.21.39:053][  0]LogConfig: Setting CVar [[r.EyeAdaptationQuality:2]]
[2020.01.29-00.21.39:053][  0]LogConfig: Setting CVar [[r.BloomQuality:5]]
[2020.01.29-00.21.39:053][  0]LogConfig: Setting CVar [[r.FastBlurThreshold:100]]
[2020.01.29-00.21.39:053][  0]LogConfig: Setting CVar [[r.Upscale.Quality:3]]
[2020.01.29-00.21.39:053][  0]LogConfig: Setting CVar [[r.Tonemapper.GrainQuantization:1]]
[2020.01.29-00.21.39:053][  0]LogConfig: Setting CVar [[r.LightShaftQuality:1]]
[2020.01.29-00.21.39:053][  0]LogConfig: Setting CVar [[r.Filter.SizeScale:1]]
[2020.01.29-00.21.39:053][  0]LogConfig: Setting CVar [[r.Tonemapper.Quality:5]]
[2020.01.29-00.21.39:053][  0]LogConfig: Setting CVar [[r.DOF.Gather.AccumulatorQuality:1        ; higher gathering accumulator quality]]
[2020.01.29-00.21.39:053][  0]LogConfig: Setting CVar [[r.DOF.Gather.PostfilterMethod:1          ; Median3x3 postfilering method]]
[2020.01.29-00.21.39:053][  0]LogConfig: Setting CVar [[r.DOF.Gather.EnableBokehSettings:0       ; no bokeh simulation when gathering]]
[2020.01.29-00.21.39:053][  0]LogConfig: Setting CVar [[r.DOF.Gather.RingCount:4                 ; medium number of samples when gathering]]
[2020.01.29-00.21.39:053][  0]LogConfig: Setting CVar [[r.DOF.Scatter.ForegroundCompositing:1    ; additive foreground scattering]]
[2020.01.29-00.21.39:053][  0]LogConfig: Setting CVar [[r.DOF.Scatter.BackgroundCompositing:2    ; additive background scattering]]
[2020.01.29-00.21.39:053][  0]LogConfig: Setting CVar [[r.DOF.Scatter.EnableBokehSettings:1      ; bokeh simulation when scattering]]
[2020.01.29-00.21.39:053][  0]LogConfig: Setting CVar [[r.DOF.Scatter.MaxSpriteRatio:0.1         ; only a maximum of 10% of scattered bokeh]]
[2020.01.29-00.21.39:053][  0]LogConfig: Setting CVar [[r.DOF.Recombine.Quality:1                ; cheap slight out of focus]]
[2020.01.29-00.21.39:053][  0]LogConfig: Setting CVar [[r.DOF.Recombine.EnableBokehSettings:0    ; no bokeh simulation on slight out of focus]]
[2020.01.29-00.21.39:053][  0]LogConfig: Setting CVar [[r.DOF.TemporalAAQuality:1                ; more stable temporal accumulation]]
[2020.01.29-00.21.39:053][  0]LogConfig: Setting CVar [[r.DOF.Kernel.MaxForegroundRadius:0.025]]
[2020.01.29-00.21.39:053][  0]LogConfig: Setting CVar [[r.DOF.Kernel.MaxBackgroundRadius:0.025]]
[2020.01.29-00.21.39:053][  0]LogConfig: Applying CVar settings from Section [TextureQuality@3] File [C:/Users/humbe/Documents/Master Diseño de Videojuegos/Unreal/POC_ArmaConica-v1.2/Saved/Config/Windows/Scalability.ini]
[2020.01.29-00.21.39:053][  0]LogConfig: Setting CVar [[r.Streaming.MipBias:0]]
[2020.01.29-00.21.39:053][  0]LogConfig: Setting CVar [[r.Streaming.AmortizeCPUToGPUCopy:0]]
[2020.01.29-00.21.39:053][  0]LogConfig: Setting CVar [[r.Streaming.MaxNumTexturesToStreamPerFrame:0]]
[2020.01.29-00.21.39:054][  0]LogConfig: Setting CVar [[r.Streaming.Boost:1]]
[2020.01.29-00.21.39:054][  0]LogConfig: Setting CVar [[r.MaxAnisotropy:8]]
[2020.01.29-00.21.39:054][  0]LogConfig: Setting CVar [[r.Streaming.LimitPoolSizeToVRAM:0]]
[2020.01.29-00.21.39:054][  0]LogConfig: Setting CVar [[r.Streaming.PoolSize:1000]]
[2020.01.29-00.21.39:054][  0]LogConfig: Setting CVar [[r.Streaming.MaxEffectiveScreenSize:0]]
[2020.01.29-00.21.39:054][  0]LogConfig: Applying CVar settings from Section [EffectsQuality@3] File [C:/Users/humbe/Documents/Master Diseño de Videojuegos/Unreal/POC_ArmaConica-v1.2/Saved/Config/Windows/Scalability.ini]
[2020.01.29-00.21.39:054][  0]LogConfig: Setting CVar [[r.TranslucencyLightingVolumeDim:64]]
[2020.01.29-00.21.39:054][  0]LogConfig: Setting CVar [[r.RefractionQuality:2]]
[2020.01.29-00.21.39:054][  0]LogConfig: Setting CVar [[r.SSR.Quality:3]]
[2020.01.29-00.21.39:054][  0]LogConfig: Setting CVar [[r.SceneColorFormat:4]]
[2020.01.29-00.21.39:054][  0]LogConfig: Setting CVar [[r.DetailMode:2]]
[2020.01.29-00.21.39:054][  0]LogConfig: Setting CVar [[r.TranslucencyVolumeBlur:1]]
[2020.01.29-00.21.39:054][  0]LogConfig: Setting CVar [[r.MaterialQualityLevel:1 ; High quality]]
[2020.01.29-00.21.39:054][  0]LogConfig: Setting CVar [[r.SSS.Scale:1]]
[2020.01.29-00.21.39:054][  0]LogConfig: Setting CVar [[r.SSS.SampleSet:2]]
[2020.01.29-00.21.39:054][  0]LogConfig: Setting CVar [[r.SSS.Quality:1]]
[2020.01.29-00.21.39:054][  0]LogConfig: Setting CVar [[r.SSS.HalfRes:1]]
[2020.01.29-00.21.39:054][  0]LogConfig: Setting CVar [[r.EmitterSpawnRateScale:1.0]]
[2020.01.29-00.21.39:054][  0]LogConfig: Setting CVar [[r.ParticleLightQuality:2]]
[2020.01.29-00.21.39:054][  0]LogConfig: Applying CVar settings from Section [FoliageQuality@3] File [C:/Users/humbe/Documents/Master Diseño de Videojuegos/Unreal/POC_ArmaConica-v1.2/Saved/Config/Windows/Scalability.ini]
[2020.01.29-00.21.39:054][  0]LogConfig: Setting CVar [[foliage.DensityScale:1.0]]
[2020.01.29-00.21.39:054][  0]LogConfig: Setting CVar [[grass.DensityScale:1.0]]
[2020.01.29-00.21.39:054][  0]LogInit: Selected Device Profile: [Windows]
[2020.01.29-00.21.39:054][  0]LogInit: Applying CVar settings loaded from the selected device profile: [Windows]
[2020.01.29-00.21.39:057][  0]LogHAL: Display: Platform has ~ 16 GB [17059098624 / 17179869184 / 16], which maps to Larger [LargestMinGB=32, LargerMinGB=12, DefaultMinGB=8, SmallerMinGB=6, SmallestMinGB=0)
[2020.01.29-00.21.39:057][  0]LogInit: Going up to parent DeviceProfile []
[2020.01.29-00.21.39:057][  0]LogConfig: Applying CVar settings from Section [ViewDistanceQuality@Cine] File [C:/Users/humbe/Documents/Master Diseño de Videojuegos/Unreal/POC_ArmaConica-v1.2/Saved/Config/Windows/Scalability.ini]
[2020.01.29-00.21.39:057][  0]LogConfig: Setting CVar [[r.SkeletalMeshLODBias:0]]
[2020.01.29-00.21.39:057][  0]LogConfig: Setting CVar [[r.ViewDistanceScale:10.0]]
[2020.01.29-00.21.39:057][  0]LogConfig: Applying CVar settings from Section [AntiAliasingQuality@Cine] File [C:/Users/humbe/Documents/Master Diseño de Videojuegos/Unreal/POC_ArmaConica-v1.2/Saved/Config/Windows/Scalability.ini]
[2020.01.29-00.21.39:057][  0]LogConfig: Setting CVar [[r.PostProcessAAQuality:6]]
[2020.01.29-00.21.39:057][  0]LogConfig: Applying CVar settings from Section [ShadowQuality@Cine] File [C:/Users/humbe/Documents/Master Diseño de Videojuegos/Unreal/POC_ArmaConica-v1.2/Saved/Config/Windows/Scalability.ini]
[2020.01.29-00.21.39:057][  0]LogConfig: Setting CVar [[r.LightFunctionQuality:1]]
[2020.01.29-00.21.39:057][  0]LogConfig: Setting CVar [[r.ShadowQuality:5]]
[2020.01.29-00.21.39:057][  0]LogConfig: Setting CVar [[r.Shadow.CSM.MaxCascades:10]]
[2020.01.29-00.21.39:057][  0]LogConfig: Setting CVar [[r.Shadow.MaxResolution:4096]]
[2020.01.29-00.21.39:057][  0]LogConfig: Setting CVar [[r.Shadow.MaxCSMResolution:4096]]
[2020.01.29-00.21.39:057][  0]LogConfig: Setting CVar [[r.Shadow.RadiusThreshold:0]]
[2020.01.29-00.21.39:057][  0]LogConfig: Setting CVar [[r.Shadow.DistanceScale:1.0]]
[2020.01.29-00.21.39:057][  0]LogConfig: Setting CVar [[r.Shadow.CSM.TransitionScale:1.0]]
[2020.01.29-00.21.39:057][  0]LogConfig: Setting CVar [[r.Shadow.PreShadowResolutionFactor:1.0]]
[2020.01.29-00.21.39:057][  0]LogConfig: Setting CVar [[r.DistanceFieldShadowing:1]]
[2020.01.29-00.21.39:057][  0]LogConfig: Setting CVar [[r.DistanceFieldAO:1]]
[2020.01.29-00.21.39:057][  0]LogConfig: Setting CVar [[r.AOQuality:2]]
[2020.01.29-00.21.39:057][  0]LogConfig: Setting CVar [[r.VolumetricFog:1]]
[2020.01.29-00.21.39:058][  0]LogConfig: Setting CVar [[r.VolumetricFog.GridPixelSize:4]]
[2020.01.29-00.21.39:058][  0]LogConfig: Setting CVar [[r.VolumetricFog.GridSizeZ:128]]
[2020.01.29-00.21.39:058][  0]LogConfig: Setting CVar [[r.VolumetricFog.HistoryMissSupersampleCount:16]]
[2020.01.29-00.21.39:058][  0]LogConfig: Setting CVar [[r.LightMaxDrawDistanceScale:1]]
[2020.01.29-00.21.39:058][  0]LogConfig: Setting CVar [[r.CapsuleShadows:1]]
[2020.01.29-00.21.39:058][  0]LogConfig: Applying CVar settings from Section [PostProcessQuality@Cine] File [C:/Users/humbe/Documents/Master Diseño de Videojuegos/Unreal/POC_ArmaConica-v1.2/Saved/Config/Windows/Scalability.ini]
[2020.01.29-00.21.39:058][  0]LogConfig: Setting CVar [[r.MotionBlurQuality:4]]
[2020.01.29-00.21.39:058][  0]LogConfig: Setting CVar [[r.AmbientOcclusionMipLevelFactor:0.4]]
[2020.01.29-00.21.39:058][  0]LogConfig: Setting CVar [[r.AmbientOcclusionMaxQuality:100]]
[2020.01.29-00.21.39:058][  0]LogConfig: Setting CVar [[r.AmbientOcclusionLevels:-1]]
[2020.01.29-00.21.39:058][  0]LogConfig: Setting CVar [[r.AmbientOcclusionRadiusScale:1.0]]
[2020.01.29-00.21.39:058][  0]LogConfig: Setting CVar [[r.DepthOfFieldQuality:4]]
[2020.01.29-00.21.39:058][  0]LogConfig: Setting CVar [[r.RenderTargetPoolMin:1000]]
[2020.01.29-00.21.39:058][  0]LogConfig: Setting CVar [[r.LensFlareQuality:3]]
[2020.01.29-00.21.39:058][  0]LogConfig: Setting CVar [[r.SceneColorFringeQuality:1]]
[2020.01.29-00.21.39:058][  0]LogConfig: Setting CVar [[r.EyeAdaptationQuality:2]]
[2020.01.29-00.21.39:058][  0]LogConfig: Setting CVar [[r.BloomQuality:5]]
[2020.01.29-00.21.39:058][  0]LogConfig: Setting CVar [[r.FastBlurThreshold:100]]
[2020.01.29-00.21.39:058][  0]LogConfig: Setting CVar [[r.Upscale.Quality:3]]
[2020.01.29-00.21.39:058][  0]LogConfig: Setting CVar [[r.Tonemapper.GrainQuantization:1]]
[2020.01.29-00.21.39:058][  0]LogConfig: Setting CVar [[r.LightShaftQuality:1]]
[2020.01.29-00.21.39:058][  0]LogConfig: Setting CVar [[r.Filter.SizeScale:1]]
[2020.01.29-00.21.39:058][  0]LogConfig: Setting CVar [[r.Tonemapper.Quality:5]]
[2020.01.29-00.21.39:058][  0]LogConfig: Setting CVar [[r.DOF.Gather.AccumulatorQuality:1        ; higher gathering accumulator quality]]
[2020.01.29-00.21.39:058][  0]LogConfig: Setting CVar [[r.DOF.Gather.PostfilterMethod:1          ; Median3x3 postfilering method]]
[2020.01.29-00.21.39:058][  0]LogConfig: Setting CVar [[r.DOF.Gather.EnableBokehSettings:1       ; bokeh simulation when gathering]]
[2020.01.29-00.21.39:058][  0]LogConfig: Setting CVar [[r.DOF.Gather.RingCount:5                 ; high number of samples when gathering]]
[2020.01.29-00.21.39:058][  0]LogConfig: Setting CVar [[r.DOF.Scatter.ForegroundCompositing:1    ; additive foreground scattering]]
[2020.01.29-00.21.39:058][  0]LogConfig: Setting CVar [[r.DOF.Scatter.BackgroundCompositing:2    ; background scattering occlusion]]
[2020.01.29-00.21.39:058][  0]LogConfig: Setting CVar [[r.DOF.Scatter.EnableBokehSettings:1      ; no bokeh simulation when scattering]]
[2020.01.29-00.21.39:058][  0]LogConfig: Setting CVar [[r.DOF.Scatter.MaxSpriteRatio:0.25        ; only a maximum of 10% of scattered bokeh]]
[2020.01.29-00.21.39:058][  0]LogConfig: Setting CVar [[r.DOF.Recombine.Quality:2                ; highest slight out of focus]]
[2020.01.29-00.21.39:058][  0]LogConfig: Setting CVar [[r.DOF.Recombine.EnableBokehSettings:1    ; bokeh simulation on slight out of focus]]
[2020.01.29-00.21.39:058][  0]LogConfig: Setting CVar [[r.DOF.TemporalAAQuality:1                ; more stable temporal accumulation]]
[2020.01.29-00.21.39:058][  0]LogConfig: Setting CVar [[r.DOF.Kernel.MaxForegroundRadius:0.025]]
[2020.01.29-00.21.39:058][  0]LogConfig: Setting CVar [[r.DOF.Kernel.MaxBackgroundRadius:0.025]]
[2020.01.29-00.21.39:058][  0]LogConfig: Applying CVar settings from Section [TextureQuality@Cine] File [C:/Users/humbe/Documents/Master Diseño de Videojuegos/Unreal/POC_ArmaConica-v1.2/Saved/Config/Windows/Scalability.ini]
[2020.01.29-00.21.39:058][  0]LogConfig: Setting CVar [[r.Streaming.MipBias:0]]
[2020.01.29-00.21.39:058][  0]LogConfig: Setting CVar [[r.Streaming.AmortizeCPUToGPUCopy:0]]
[2020.01.29-00.21.39:058][  0]LogConfig: Setting CVar [[r.Streaming.MaxNumTexturesToStreamPerFrame:0]]
[2020.01.29-00.21.39:058][  0]LogConfig: Setting CVar [[r.Streaming.Boost:1]]
[2020.01.29-00.21.39:058][  0]LogConfig: Setting CVar [[r.MaxAnisotropy:8]]
[2020.01.29-00.21.39:058][  0]LogConfig: Setting CVar [[r.Streaming.LimitPoolSizeToVRAM:0]]
[2020.01.29-00.21.39:058][  0]LogConfig: Setting CVar [[r.Streaming.PoolSize:3000]]
[2020.01.29-00.21.39:058][  0]LogConfig: Setting CVar [[r.Streaming.MaxEffectiveScreenSize:0]]
[2020.01.29-00.21.39:058][  0]LogConfig: Applying CVar settings from Section [EffectsQuality@Cine] File [C:/Users/humbe/Documents/Master Diseño de Videojuegos/Unreal/POC_ArmaConica-v1.2/Saved/Config/Windows/Scalability.ini]
[2020.01.29-00.21.39:058][  0]LogConfig: Setting CVar [[r.TranslucencyLightingVolumeDim:64]]
[2020.01.29-00.21.39:058][  0]LogConfig: Setting CVar [[r.RefractionQuality:2]]
[2020.01.29-00.21.39:058][  0]LogConfig: Setting CVar [[r.SSR.Quality:4]]
[2020.01.29-00.21.39:058][  0]LogConfig: Setting CVar [[r.SceneColorFormat:4]]
[2020.01.29-00.21.39:058][  0]LogConfig: Setting CVar [[r.DetailMode:2]]
[2020.01.29-00.21.39:058][  0]LogConfig: Setting CVar [[r.TranslucencyVolumeBlur:1]]
[2020.01.29-00.21.39:058][  0]LogConfig: Setting CVar [[r.MaterialQualityLevel:1 ; High quality]]
[2020.01.29-00.21.39:058][  0]LogConfig: Setting CVar [[r.SSS.Scale:1]]
[2020.01.29-00.21.39:058][  0]LogConfig: Setting CVar [[r.SSS.SampleSet:2]]
[2020.01.29-00.21.39:058][  0]LogConfig: Setting CVar [[r.SSS.Quality:1]]
[2020.01.29-00.21.39:058][  0]LogConfig: Setting CVar [[r.SSS.HalfRes:0]]
[2020.01.29-00.21.39:058][  0]LogConfig: Setting CVar [[r.EmitterSpawnRateScale:1.0]]
[2020.01.29-00.21.39:058][  0]LogConfig: Setting CVar [[r.ParticleLightQuality:2]]
[2020.01.29-00.21.39:058][  0]LogConfig: Applying CVar settings from Section [FoliageQuality@Cine] File [C:/Users/humbe/Documents/Master Diseño de Videojuegos/Unreal/POC_ArmaConica-v1.2/Saved/Config/Windows/Scalability.ini]
[2020.01.29-00.21.39:058][  0]LogConfig: Setting CVar [[foliage.DensityScale:1.0]]
[2020.01.29-00.21.39:058][  0]LogConfig: Setting CVar [[grass.DensityScale:1.0]]
[2020.01.29-00.21.39:058][  0]LogConfig: Applying CVar settings from Section [Startup] File [../../../Engine/Config/ConsoleVariables.ini]
[2020.01.29-00.21.39:059][  0]LogConfig: Setting CVar [[net.UseAdaptiveNetUpdateFrequency:0]]
[2020.01.29-00.21.39:059][  0]LogConfig: Setting CVar [[p.chaos.AllowCreatePhysxBodies:1]]
[2020.01.29-00.21.39:059][  0]LogConfig: Applying CVar settings from Section [ConsoleVariables] File [C:/Users/humbe/Documents/Master Diseño de Videojuegos/Unreal/POC_ArmaConica-v1.2/Saved/Config/Windows/Engine.ini]
[2020.01.29-00.21.39:059][  0]LogInit: Computer: PARISIGAMING
[2020.01.29-00.21.39:059][  0]LogInit: User: humbe
[2020.01.29-00.21.39:059][  0]LogInit: CPU Page size=4096, Cores=4
[2020.01.29-00.21.39:059][  0]LogInit: High frequency timer resolution =10.000000 MHz
[2020.01.29-00.21.39:059][  0]LogMemory: Memory total: Physical=15.9GB (16GB approx)
[2020.01.29-00.21.39:059][  0]LogMemory: Platform Memory Stats for Windows
[2020.01.29-00.21.39:059][  0]LogMemory: Process Physical Memory: 107.24 MB used, 107.24 MB peak
[2020.01.29-00.21.39:059][  0]LogMemory: Process Virtual Memory: 99.23 MB used, 99.23 MB peak
[2020.01.29-00.21.39:059][  0]LogMemory: Physical Memory: 6545.15 MB used,  9723.68 MB free, 16268.82 MB total
[2020.01.29-00.21.39:059][  0]LogMemory: Virtual Memory: 4669.75 MB used,  134213056.00 MB free, 134217728.00 MB total
[2020.01.29-00.21.39:064][  0]LogWindows: WindowsPlatformFeatures enabled
[2020.01.29-00.21.39:097][  0]LogInit: Overriding language with editor language configuration option (en).
[2020.01.29-00.21.39:097][  0]LogInit: Overriding locale with editor culture configuration option ().
[2020.01.29-00.21.39:097][  0]LogInit: Using OS detected locale (es-ES).
[2020.01.29-00.21.39:285][  0]LogInit: Setting process to per monitor DPI aware
[2020.01.29-00.21.39:335][  0]LogSlate: New Slate User Created.  User Index 0, Is Virtual User: 0
[2020.01.29-00.21.39:335][  0]LogSlate: Slate User Registered.  User Index 0, Is Virtual User: 0
[2020.01.29-00.21.39:648][  0]LogHMD: Failed to initialize OpenVR with code 110
[2020.01.29-00.21.39:648][  0]LogD3D11RHI: D3D11 adapters:
[2020.01.29-00.21.39:738][  0]LogD3D11RHI:    0. 'NVIDIA GeForce GTX 1050' (Feature Level 11_0)
[2020.01.29-00.21.39:738][  0]LogD3D11RHI:       4021/0/8134 MB DedicatedVideo/DedicatedSystem/SharedSystem, Outputs:1, VendorId:0x10de
[2020.01.29-00.21.39:754][  0]LogD3D11RHI:    1. 'Intel(R) HD Graphics 630' (Feature Level 11_0)
[2020.01.29-00.21.39:754][  0]LogD3D11RHI:       128/0/8134 MB DedicatedVideo/DedicatedSystem/SharedSystem, Outputs:0, VendorId:0x8086
[2020.01.29-00.21.39:757][  0]LogD3D11RHI:    2. 'Microsoft Basic Render Driver' (Feature Level 11_0)
[2020.01.29-00.21.39:757][  0]LogD3D11RHI:       0/0/8134 MB DedicatedVideo/DedicatedSystem/SharedSystem, Outputs:0, VendorId:0x1414
[2020.01.29-00.21.39:757][  0]LogD3D11RHI: Chosen D3D11 Adapter: 0
[2020.01.29-00.21.39:825][  0]LogD3D11RHI: Creating new Direct3DDevice
[2020.01.29-00.21.39:825][  0]LogD3D11RHI:     GPU DeviceId: 0x1c8d (for the marketing name, search the web for "GPU Device Id")
[2020.01.29-00.21.39:825][  0]LogWindows: EnumDisplayDevices:
[2020.01.29-00.21.39:826][  0]LogWindows:    0. 'Intel(R) HD Graphics 630' (P:1 D:1)
[2020.01.29-00.21.39:826][  0]LogWindows:    1. 'Intel(R) HD Graphics 630' (P:0 D:0)
[2020.01.29-00.21.39:826][  0]LogWindows:    2. 'Intel(R) HD Graphics 630' (P:0 D:0)
[2020.01.29-00.21.39:827][  0]LogWindows: DebugString: PrimaryIsNotTheChoosenAdapter PrimaryIsNotTheChoosenAdapter PrimaryIsNotTheChoosenAdapter FoundDriverCount:0 
[2020.01.29-00.21.39:827][  0]LogD3D11RHI:     Adapter Name: NVIDIA GeForce GTX 1050
[2020.01.29-00.21.39:827][  0]LogD3D11RHI:   Driver Version: Unknown (internal:Unknown, unified:Unknown)
[2020.01.29-00.21.39:827][  0]LogD3D11RHI:      Driver Date: Unknown
[2020.01.29-00.21.39:827][  0]LogRHI: Texture pool is 2814 MB (70% of 4021 MB)
[2020.01.29-00.21.39:880][  0]LogD3D11RHI: Async texture creation enabled
[2020.01.29-00.21.39:893][  0]LogD3D11RHI: GPU Timing Frequency: 1000.000000 (Debug: 2 1)
[2020.01.29-00.21.40:299][  0]LogTemp: Display: Module 'AllDesktopTargetPlatform' loaded TargetPlatform 'AllDesktop'
[2020.01.29-00.21.40:310][  0]LogTemp: Display: Module 'MacClientTargetPlatform' loaded TargetPlatform 'MacClient'
[2020.01.29-00.21.40:321][  0]LogTemp: Display: Module 'MacNoEditorTargetPlatform' loaded TargetPlatform 'MacNoEditor'
[2020.01.29-00.21.40:332][  0]LogTemp: Display: Module 'MacServerTargetPlatform' loaded TargetPlatform 'MacServer'
[2020.01.29-00.21.40:346][  0]LogTemp: Display: Module 'MacTargetPlatform' loaded TargetPlatform 'Mac'
[2020.01.29-00.21.40:359][  0]LogTemp: Display: Module 'WindowsClientTargetPlatform' loaded TargetPlatform 'WindowsClient'
[2020.01.29-00.21.40:369][  0]LogTemp: Display: Module 'WindowsNoEditorTargetPlatform' loaded TargetPlatform 'WindowsNoEditor'
[2020.01.29-00.21.40:380][  0]LogTemp: Display: Module 'WindowsServerTargetPlatform' loaded TargetPlatform 'WindowsServer'
[2020.01.29-00.21.40:385][  0]LogTemp: Display: Module 'WindowsTargetPlatform' loaded TargetPlatform 'Windows'
[2020.01.29-00.21.40:420][  0]LogTemp: Display: Module 'AndroidTargetPlatform' loaded TargetPlatform 'Android'
[2020.01.29-00.21.40:420][  0]LogTemp: Display: Module 'AndroidTargetPlatform' loaded TargetPlatform 'Android_ASTC'
[2020.01.29-00.21.40:420][  0]LogTemp: Display: Module 'AndroidTargetPlatform' loaded TargetPlatform 'Android_ATC'
[2020.01.29-00.21.40:420][  0]LogTemp: Display: Module 'AndroidTargetPlatform' loaded TargetPlatform 'Android_DXT'
[2020.01.29-00.21.40:420][  0]LogTemp: Display: Module 'AndroidTargetPlatform' loaded TargetPlatform 'Android_ETC1'
[2020.01.29-00.21.40:420][  0]LogTemp: Display: Module 'AndroidTargetPlatform' loaded TargetPlatform 'Android_ETC1a'
[2020.01.29-00.21.40:420][  0]LogTemp: Display: Module 'AndroidTargetPlatform' loaded TargetPlatform 'Android_ETC2'
[2020.01.29-00.21.40:420][  0]LogTemp: Display: Module 'AndroidTargetPlatform' loaded TargetPlatform 'Android_PVRTC'
[2020.01.29-00.21.40:420][  0]LogTemp: Display: Module 'AndroidTargetPlatform' loaded TargetPlatform 'AndroidClient'
[2020.01.29-00.21.40:420][  0]LogTemp: Display: Module 'AndroidTargetPlatform' loaded TargetPlatform 'Android_ASTCClient'
[2020.01.29-00.21.40:420][  0]LogTemp: Display: Module 'AndroidTargetPlatform' loaded TargetPlatform 'Android_ATCClient'
[2020.01.29-00.21.40:420][  0]LogTemp: Display: Module 'AndroidTargetPlatform' loaded TargetPlatform 'Android_DXTClient'
[2020.01.29-00.21.40:420][  0]LogTemp: Display: Module 'AndroidTargetPlatform' loaded TargetPlatform 'Android_ETC1Client'
[2020.01.29-00.21.40:420][  0]LogTemp: Display: Module 'AndroidTargetPlatform' loaded TargetPlatform 'Android_ETC1aClient'
[2020.01.29-00.21.40:420][  0]LogTemp: Display: Module 'AndroidTargetPlatform' loaded TargetPlatform 'Android_ETC2Client'
[2020.01.29-00.21.40:420][  0]LogTemp: Display: Module 'AndroidTargetPlatform' loaded TargetPlatform 'Android_PVRTCClient'
[2020.01.29-00.21.40:420][  0]LogTemp: Display: Module 'AndroidTargetPlatform' loaded TargetPlatform 'Android_Multi'
[2020.01.29-00.21.40:420][  0]LogTemp: Display: Module 'AndroidTargetPlatform' loaded TargetPlatform 'Android_MultiClient'
[2020.01.29-00.21.40:423][  0]LogTemp: Display: Module 'HTML5TargetPlatform' loaded TargetPlatform 'HTML5'
[2020.01.29-00.21.40:443][  0]LogTemp: Display: Module 'IOSTargetPlatform' loaded TargetPlatform 'IOSClient'
[2020.01.29-00.21.40:443][  0]LogTemp: Display: Module 'IOSTargetPlatform' loaded TargetPlatform 'IOS'
[2020.01.29-00.21.40:462][  0]LogTemp: Display: Module 'TVOSTargetPlatform' loaded TargetPlatform 'TVOSClient'
[2020.01.29-00.21.40:462][  0]LogTemp: Display: Module 'TVOSTargetPlatform' loaded TargetPlatform 'TVOS'
[2020.01.29-00.21.40:470][  0]LogTemp: Display: Module 'LinuxClientTargetPlatform' loaded TargetPlatform 'LinuxClient'
[2020.01.29-00.21.40:478][  0]LogTemp: Display: Module 'LinuxNoEditorTargetPlatform' loaded TargetPlatform 'LinuxNoEditor'
[2020.01.29-00.21.40:487][  0]LogTemp: Display: Module 'LinuxServerTargetPlatform' loaded TargetPlatform 'LinuxServer'
[2020.01.29-00.21.40:496][  0]LogTemp: Display: Module 'LinuxTargetPlatform' loaded TargetPlatform 'Linux'
[2020.01.29-00.21.40:523][  0]LogTemp: Display: Module 'LuminTargetPlatform' loaded TargetPlatform 'Lumin'
[2020.01.29-00.21.40:523][  0]LogTemp: Display: Module 'LuminTargetPlatform' loaded TargetPlatform 'LuminClient'
[2020.01.29-00.21.40:523][  0]LogTargetPlatformManager: Display: Building Assets For Windows
[2020.01.29-00.21.40:534][  0]LogAudioDebug: Display: Lib vorbis DLL was dynamically loaded.
[2020.01.29-00.21.40:601][  0]LogShaderCompilers: Guid format shader working directory is -50 characters bigger than the processId version (../../../../../../Users/humbe/Documents/Master Diseño de Videojuegos/Unreal/POC_ArmaConica-v1.2/Intermediate/Shaders/WorkingDirectory/15724/).
[2020.01.29-00.21.40:601][  0]LogShaderCompilers: Cleaned the shader compiler working directory 'C:/Users/humbe/AppData/Local/Temp/UnrealShaderWorkingDir/1DF1F5DE40E23A6626594F99FEE2DA73/'.
[2020.01.29-00.21.40:604][  0]LogXGEController: Cannot use XGE Controller as Incredibuild is not installed on this machine.
[2020.01.29-00.21.40:604][  0]LogShaderCompilers: Cannot use XGE Shader Compiler as Incredibuild is not installed on this machine.
[2020.01.29-00.21.40:604][  0]LogShaderCompilers: Display: Using Local Shader Compiler.
[2020.01.29-00.21.41:224][  0]LogDerivedDataCache: Display: Max Cache Size: 512 MB
[2020.01.29-00.21.41:280][  0]LogDerivedDataCache: Loaded boot cache 0.06s 73MB C:/Users/humbe/AppData/Local/UnrealEngine/4.23/DerivedDataCache/Boot.ddc.
[2020.01.29-00.21.41:280][  0]LogDerivedDataCache: Display: Loaded Boot cache: C:/Users/humbe/AppData/Local/UnrealEngine/4.23/DerivedDataCache/Boot.ddc
[2020.01.29-00.21.41:280][  0]LogDerivedDataCache: FDerivedDataBackendGraph:  Pak pak cache file ../../../../../../Users/humbe/Documents/Master Diseño de Videojuegos/Unreal/POC_ArmaConica-v1.2/DerivedDataCache/DDC.ddp not found, will not use a pak cache.
[2020.01.29-00.21.41:280][  0]LogDerivedDataCache: Unable to find inner node Pak for hierarchical cache Hierarchy.
[2020.01.29-00.21.41:281][  0]LogDerivedDataCache: FDerivedDataBackendGraph:  CompressedPak pak cache file ../../../../../../Users/humbe/Documents/Master Diseño de Videojuegos/Unreal/POC_ArmaConica-v1.2/DerivedDataCache/Compressed.ddp not found, will not use a pak cache.
[2020.01.29-00.21.41:281][  0]LogDerivedDataCache: Unable to find inner node CompressedPak for hierarchical cache Hierarchy.
[2020.01.29-00.21.41:292][  0]LogDerivedDataCache: Display: Pak cache opened for reading ../../../Engine/DerivedDataCache/Compressed.ddp.
[2020.01.29-00.21.41:292][  0]LogDerivedDataCache: FDerivedDataBackendGraph:  EnterprisePak pak cache file ../../../Enterprise/DerivedDataCache/Compressed.ddp not found, will not use a pak cache.
[2020.01.29-00.21.41:292][  0]LogDerivedDataCache: Unable to find inner node EnterprisePak for hierarchical cache Hierarchy.
[2020.01.29-00.21.41:294][  0]LogDerivedDataCache: Using Local data cache path C:/Users/humbe/AppData/Local/UnrealEngine/Common/DerivedDataCache: Writable
[2020.01.29-00.21.41:294][  0]LogDerivedDataCache: Shared data cache path not found in *engine.ini, will not use an Shared cache.
[2020.01.29-00.21.41:294][  0]LogDerivedDataCache: Unable to find inner node Shared for hierarchical cache Hierarchy.
[2020.01.29-00.21.41:317][  0]LogMaterial: Verifying Global Shaders for PCD3D_SM5
[2020.01.29-00.21.41:320][  0]LogSlate: Using FreeType 2.6.0
[2020.01.29-00.21.41:320][  0]LogSlate: SlateFontServices - WITH_FREETYPE: 1, WITH_HARFBUZZ: 1
[2020.01.29-00.21.41:382][  0]LogAssetRegistry: FAssetRegistry took 0.0026 seconds to start up
[2020.01.29-00.21.41:666][  0]LogInit: Selected Device Profile: [Windows]
[2020.01.29-00.21.41:826][  0]LogMeshReduction: Using QuadricMeshReduction for automatic static mesh reduction
[2020.01.29-00.21.41:826][  0]LogMeshReduction: Using SimplygonMeshReduction for automatic skeletal mesh reduction
[2020.01.29-00.21.41:826][  0]LogMeshReduction: Using ProxyLODMeshReduction for automatic mesh merging
[2020.01.29-00.21.41:826][  0]LogMeshReduction: No distributed automatic mesh merging module available
[2020.01.29-00.21.41:826][  0]LogMeshMerging: No distributed automatic mesh merging module available
[2020.01.29-00.21.41:839][  0]LogNetVersion: FPS 1.0.0, NetCL: 8386587, EngineNetVer: 11, GameNetVer: 0 (Checksum: 1534238924)
[2020.01.29-00.21.42:357][  0]LogPackageLocalizationCache: Processed 12 localized package path(s) for 1 prioritized culture(s) in 0.119793 seconds
[2020.01.29-00.21.42:364][  0]LogUObjectArray: 43444 objects as part of root set at end of initial load.
[2020.01.29-00.21.42:364][  0]LogUObjectAllocator: 7548648 out of 0 bytes used by permanent object pool.
[2020.01.29-00.21.42:364][  0]LogUObjectArray: CloseDisregardForGC: 0/0 objects in disregard for GC pool
[2020.01.29-00.21.43:267][  0]LogTcpMessaging: Initializing TcpMessaging bridge
[2020.01.29-00.21.43:270][  0]LogUdpMessaging: Initializing bridge on interface 0.0.0.0:0 to multicast group 230.0.0.1:6666.
[2020.01.29-00.21.43:344][  0]SourceControl: Source control is disabled
[2020.01.29-00.21.43:344][  0]SourceControl: Source control is disabled
[2020.01.29-00.21.43:345][  0]SourceControl: Source control is disabled
[2020.01.29-00.21.43:346][  0]SourceControl: Source control is disabled
[2020.01.29-00.21.43:457][  0]LogAndroidPermission: UAndroidPermissionCallbackProxy::GetInstance
[2020.01.29-00.21.43:593][  0]LogOcInput: OculusInput pre-init called
[2020.01.29-00.21.43:603][  0]LogWindows: Failed to load 'OVRPlugin.dll' (GetLastError=126)
[2020.01.29-00.21.43:603][  0]LogWindows: File 'OVRPlugin.dll' does not exist
[2020.01.29-00.21.43:679][  0]LogEngine: Initializing Engine...
[2020.01.29-00.21.43:680][  0]LogHMD: Failed to initialize OpenVR with code 110
[2020.01.29-00.21.43:681][  0]LogStats: UGameplayTagsManager::InitializeManager -  0.000 s
[2020.01.29-00.21.43:940][  0]LogInit: Initializing FReadOnlyCVARCache
[2020.01.29-00.21.43:957][  0]LogAIModule: Creating AISystem for world Untitled
[2020.01.29-00.21.43:972][  0]LogInit: XAudio2 using 'Altavoces (Realtek High Definition Audio)' : 2 channels at 48 kHz using 32 bits per sample (channel mask 0x3)
[2020.01.29-00.21.44:513][  0]LogInit: FAudioDevice initialized.
[2020.01.29-00.21.44:513][  0]LogNetVersion: Set ProjectVersion to 1.0.0.0. Version Checksum will be recalculated on next use.
[2020.01.29-00.21.44:649][  0]LogDerivedDataCache: Saved boot cache 0.14s 73MB C:/Users/humbe/AppData/Local/UnrealEngine/4.23/DerivedDataCache/Boot.ddc.
[2020.01.29-00.21.44:659][  0]LogInit: Texture streaming: Enabled
[2020.01.29-00.21.44:681][  0]LogEngineSessionManager: EngineSessionManager initialized
[2020.01.29-00.21.44:681][  0]LogEditorSessionSummary: Verbose: Initializing EditorSessionSummaryWriter for editor session tracking
[2020.01.29-00.21.44:683][  0]LogEditorSessionSummary: EditorSessionSummaryWriter initialized
[2020.01.29-00.21.44:785][  0]LogInit: Transaction tracking system initialized
[2020.01.29-00.21.44:819][  0]BlueprintLog: New page: Editor Load
[2020.01.29-00.21.44:910][  0]LocalizationService: Localization service is disabled
[2020.01.29-00.21.45:215][  0]LogFileCache: Scanning file cache for directory 'C:/Users/humbe/Documents/Master Diseño de Videojuegos/Unreal/POC_ArmaConica-v1.2/Content/' took 0.02s
[2020.01.29-00.21.45:215][  0]LogCook: Display: Max memory allowance for cook 16384mb min free memory 0mb
[2020.01.29-00.21.45:215][  0]LogCook: Display: Mobile HDR setting 1
[2020.01.29-00.21.45:424][  0]SourceControl: Source control is disabled
[2020.01.29-00.21.45:425][  0]LightingResults: New page: Lighting Build
[2020.01.29-00.21.45:428][  0]LogWorld: UWorld::CleanupWorld for Untitled, bSessionEnded=true, bCleanupResources=true
[2020.01.29-00.21.45:428][  0]MapCheck: New page: Map Check
[2020.01.29-00.21.45:429][  0]LightingResults: New page: Lighting Build
[2020.01.29-00.21.45:453][  0]LogUObjectHash: Compacting FUObjectHashTables data took   2.14ms
[2020.01.29-00.21.46:385][  0]LogAIModule: Creating AISystem for world ThirdPersonExample
[2020.01.29-00.21.46:540][  0]LogEditorServer: Finished looking for orphan Actors (0.000 secs)
[2020.01.29-00.21.46:601][  0]LogUObjectHash: Compacting FUObjectHashTables data took   2.73ms
[2020.01.29-00.21.46:601][  0]Cmd: MAP CHECKDEP NOCLEARLOG
[2020.01.29-00.21.46:602][  0]MapCheck: Map check complete: 0 Error(s), 0 Warning(s), took 0,248ms to complete.
[2020.01.29-00.21.46:602][  0]LogFileHelpers: Loading map 'ThirdPersonExample' took 1.177
[2020.01.29-00.21.46:763][  0]LogSlate: Updating window title bar state: overlay mode, drag disabled, window buttons hidden, title bar hidden
[2020.01.29-00.21.46:770][  0]LogSlate: Updating window title bar state: overlay mode, drag disabled, window buttons hidden, title bar hidden
[2020.01.29-00.21.46:777][  0]LogSlate: Updating window title bar state: overlay mode, drag disabled, window buttons hidden, title bar hidden
[2020.01.29-00.21.46:784][  0]LogSlate: Updating window title bar state: overlay mode, drag disabled, window buttons hidden, title bar hidden
[2020.01.29-00.21.46:792][  0]LogCollectionManager: Loaded 0 collections in 0.002096 seconds
[2020.01.29-00.21.46:803][  0]LogFileCache: Scanning file cache for directory 'C:/Users/humbe/Documents/Master Diseño de Videojuegos/Unreal/POC_ArmaConica-v1.2/Saved/Collections/' took 0.00s
[2020.01.29-00.21.46:803][  0]LogFileCache: Scanning file cache for directory 'C:/Users/humbe/Documents/Master Diseño de Videojuegos/Unreal/POC_ArmaConica-v1.2/Content/Developers/humbe/Collections/' took 0.00s
[2020.01.29-00.21.46:803][  0]LogFileCache: Scanning file cache for directory 'C:/Users/humbe/Documents/Master Diseño de Videojuegos/Unreal/POC_ArmaConica-v1.2/Content/Collections/' took 0.00s
[2020.01.29-00.21.46:803][  0]LogCollectionManager: Rebuilt the GUID cache for 0 collections in 0.000002 seconds
[2020.01.29-00.21.46:811][  0]LogContentBrowser: Native class hierarchy populated in 0.0083 seconds. Added 2872 classes and 685 folders.
[2020.01.29-00.21.46:818][  0]LogContentBrowser: Native class hierarchy updated for 'WidgetCarousel' in 0.0002 seconds. Added 0 classes and 0 folders.
[2020.01.29-00.21.46:881][  0]LogContentBrowser: Native class hierarchy updated for 'AddContentDialog' in 0.0002 seconds. Added 0 classes and 0 folders.
[2020.01.29-00.21.46:887][  0]LogContentBrowser: Native class hierarchy updated for 'SceneOutliner' in 0.0003 seconds. Added 1 classes and 2 folders.
[2020.01.29-00.21.46:988][  0]LogSlate: Took 0.000196 seconds to synchronously load lazily loaded font '../../../Engine/Content/Slate/Fonts/Roboto-Regular.ttf' (155K)
[2020.01.29-00.21.46:990][  0]LogSlate: Took 0.000365 seconds to synchronously load lazily loaded font '../../../Engine/Content/Slate/Fonts/Roboto-Bold.ttf' (160K)
[2020.01.29-00.21.46:999][  0]LogSlate: Took 0.000341 seconds to synchronously load lazily loaded font '../../../Engine/Content/Editor/Slate/Fonts/FontAwesome.ttf' (139K)
[2020.01.29-00.21.47:080][  0]LogRenderer: Reallocating scene render targets to support 936x424 Format 10 NumSamples 1 (Frame:1).
[2020.01.29-00.21.47:270][  0]LogContentBrowser: Native class hierarchy updated for 'HierarchicalLODOutliner' in 0.0003 seconds. Added 0 classes and 0 folders.
[2020.01.29-00.21.47:271][  0]LogLoad: (Engine Initialization) Total time: 9.86 seconds
[2020.01.29-00.21.47:271][  0]LogLoad: (Engine Initialization) Total Blueprint compile time: 0.00 seconds
[2020.01.29-00.21.47:290][  0]LoadErrors: Error: /Game/AdvancedVillagePack/Blueprints/BP_Well : Failed import for StaticMesh /Game/AdvancedVillagePack/Meshes/SM_GrassPatch_Var01.SM_GrassPatch_Var01 Referenced by export StaticMeshComponent /Game/AdvancedVillagePack/Blueprints/BP_Well.BP_Well_C:SM_GrassPatch_Var01BFFE19A94B43E04835769A824C5A2635 Referenced by export StaticMeshComponent /Game/AdvancedVillagePack/Blueprints/BP_Well.BP_Well_C:StaticMeshD5C5BB51442847E7E5C4DB9892C5EDC8
[2020.01.29-00.21.47:337][  0]LogContentStreaming: Texture pool size now 3000 MB
[2020.01.29-00.21.47:341][  0]LogSlate: FSceneViewport::OnFocusLost() reason 5
[2020.01.29-00.21.47:380][  0]LogSlate: Took 0.000310 seconds to synchronously load lazily loaded font '../../../Engine/Content/Slate/Fonts/Roboto-Light.ttf' (167K)
[2020.01.29-00.21.47:478][  3]LogAssetRegistry: Asset discovery search completed in 6.0979 seconds
[2020.01.29-00.21.47:491][  3]LogCollectionManager: Rebuilt the object cache for 0 collections in 0.000005 seconds (found 0 objects)
[2020.01.29-00.21.47:491][  3]LogCollectionManager: Fixed up redirectors for 0 collections in 0.000067 seconds (updated 0 objects)
[2020.01.29-00.21.48:340][ 44]LogSlate: Took 0.000226 seconds to synchronously load lazily loaded font '../../../Engine/Content/Slate/Fonts/Roboto-Light.ttf' (167K)
[2020.01.29-00.22.38:454][ 22]LogSlate: Window 'Message Log' being destroyed
[2020.01.29-00.22.38:463][ 22]LogSlate: Window 'Message Log' being destroyed
[2020.01.29-00.22.40:047][117]LogSlate: FSceneViewport::OnFocusLost() reason 0
[2020.01.29-00.22.40:496][126]LogAssetEditorManager: Opening Asset editor for Blueprint /Game/ThirdPersonBP/Blueprints/ThirdPersonCharacter.ThirdPersonCharacter
[2020.01.29-00.22.40:827][126]LogContentBrowser: Native class hierarchy updated for 'BlueprintGraph' in 0.0005 seconds. Added 121 classes and 0 folders.
[2020.01.29-00.22.41:718][126]LogSlate: Took 0.000343 seconds to synchronously load lazily loaded font '../../../Engine/Content/Slate/Fonts/Roboto-BoldCondensed.ttf' (158K)
[2020.01.29-00.22.43:801][227]LogSlate: Took 0.000768 seconds to synchronously load lazily loaded font '../../../Engine/Content/Slate/Fonts/Roboto-Italic.ttf' (157K)
[2020.01.29-00.22.46:116][347]LogSlate: Window 'ThirdPersonCharacter' being destroyed
[2020.01.29-00.22.46:124][347]LogSlate: Window 'ThirdPersonCharacter' being destroyed
[2020.01.29-00.22.46:148][347]LogWorld: UWorld::CleanupWorld for World_0, bSessionEnded=true, bCleanupResources=true
[2020.01.29-00.22.47:105][397]LogSlate: FSceneViewport::OnFocusLost() reason 0
[2020.01.29-00.22.47:238][405]LogTemp: Repeating last play command: New Editor Window (PIE)
[2020.01.29-00.22.47:272][405]LogBlueprintUserMessages: Early PlayInEditor Detection: Level '/Game/ThirdPersonBP/Maps/ThirdPersonExample.ThirdPersonExample:PersistentLevel' has LevelScriptBlueprint '/Game/ThirdPersonBP/Maps/ThirdPersonExample.ThirdPersonExample:PersistentLevel.ThirdPersonExample' with GeneratedClass '/Game/ThirdPersonBP/Maps/ThirdPersonExample.ThirdPersonExample_C' with ClassGeneratedBy '/Game/ThirdPersonBP/Maps/ThirdPersonExample.ThirdPersonExample:PersistentLevel.ThirdPersonExample'
[2020.01.29-00.22.47:272][405]LogPlayLevel: PlayLevel: No blueprints needed recompiling
[2020.01.29-00.22.47:272][405]PIE: New page: PIE session: ThirdPersonExample (29/1/2020 2:22:47)
[2020.01.29-00.22.47:273][405]LogOnline: OSS: Creating online subsystem instance for: NULL
[2020.01.29-00.22.47:275][405]LogLinker: Warning: Failed to load '/Game/FirstPersonBP/Blueprints/MyInstance': Can't find file.
[2020.01.29-00.22.47:275][405]LogLinker: Warning: Failed to load '/Game/FirstPersonBP/Blueprints/MyInstance': Can't find file.
[2020.01.29-00.22.47:275][405]LogUObjectGlobals: Warning: Failed to find object 'Class /Game/FirstPersonBP/Blueprints/MyInstance.MyInstance_C'
[2020.01.29-00.22.47:275][405]LogPlayLevel: Creating play world package: /Game/ThirdPersonBP/Maps/UEDPIE_0_ThirdPersonExample
[2020.01.29-00.22.47:420][405]LogPlayLevel: PIE: StaticDuplicateObject took: (0.144916s)
[2020.01.29-00.22.47:421][405]LogAIModule: Creating AISystem for world ThirdPersonExample
[2020.01.29-00.22.47:422][405]LogPlayLevel: PIE: World Init took: (0.002044s)
[2020.01.29-00.22.47:422][405]LogPlayLevel: PIE: Created PIE world by copying editor world from /Game/ThirdPersonBP/Maps/ThirdPersonExample.ThirdPersonExample to /Game/ThirdPersonBP/Maps/UEDPIE_0_ThirdPersonExample.ThirdPersonExample (0.147370s)
[2020.01.29-00.22.47:463][405]LogUObjectHash: Compacting FUObjectHashTables data took   3.81ms
[2020.01.29-00.22.47:469][405]LogInit: XAudio2 using 'Altavoces (Realtek High Definition Audio)' : 2 channels at 48 kHz using 32 bits per sample (channel mask 0x3)
[2020.01.29-00.22.47:545][405]LogInit: FAudioDevice initialized.
[2020.01.29-00.22.47:560][405]LogSlate: Updating window title bar state: overlay mode, drag disabled, window buttons hidden, title bar hidden
[2020.01.29-00.22.47:570][405]LogLoad: Game class is 'ThirdPersonGameMode_C'
[2020.01.29-00.22.47:585][405]LogWorld: Bringing World /Game/ThirdPersonBP/Maps/UEDPIE_0_ThirdPersonExample.ThirdPersonExample up for play (max tick rate 60) at 2020.01.29-01.22.47
[2020.01.29-00.22.47:589][405]LogWorld: Bringing up level for play took: 0.017249
[2020.01.29-00.22.47:589][405]LogOnline: OSS: Creating online subsystem instance for: :Context_2
[2020.01.29-00.22.47:598][405]LogContentBrowser: Native class hierarchy updated for 'MovieSceneCapture' in 0.0003 seconds. Added 20 classes and 0 folders.
[2020.01.29-00.22.47:603][405]PIE: Play in editor start time for /Game/ThirdPersonBP/Maps/UEDPIE_0_ThirdPersonExample -0,658
[2020.01.29-00.22.47:604][405]LogBlueprintUserMessages: Late PlayInEditor Detection: Level '/Game/ThirdPersonBP/Maps/ThirdPersonExample.ThirdPersonExample:PersistentLevel' has LevelScriptBlueprint '/Game/ThirdPersonBP/Maps/ThirdPersonExample.ThirdPersonExample:PersistentLevel.ThirdPersonExample' with GeneratedClass '/Game/ThirdPersonBP/Maps/ThirdPersonExample.ThirdPersonExample_C' with ClassGeneratedBy '/Game/ThirdPersonBP/Maps/ThirdPersonExample.ThirdPersonExample:PersistentLevel.ThirdPersonExample'
[2020.01.29-00.22.47:693][406]LogRenderer: Reallocating scene render targets to support 1280x716 Format 10 NumSamples 1 (Frame:1).
[2020.01.29-00.22.48:022][406]LogCharacterMovement: Warning: GetSimulationTimeStep() - Max iterations 8 hit while remaining time 0.072866 > MaxSimulationTimeStep (0.050) for 'ThirdPersonCharacter_C_0', movement 'Walking'
[2020.01.29-00.22.50:339][521]LogBlueprintUserMessages: [ThirdPersonCharacter_C_0] Enemy Found
[2020.01.29-00.22.50:339][521]LogBlueprintUserMessages: [ThirdPersonCharacter_C_0] 4.455709
[2020.01.29-00.22.50:339][521]LogBlueprintUserMessages: [DummyEnemy8] TakingDamage
[2020.01.29-00.22.50:538][531]LogBlueprintUserMessages: [ThirdPersonCharacter_C_0] Enemy Found
[2020.01.29-00.22.50:538][531]LogBlueprintUserMessages: [ThirdPersonCharacter_C_0] 9.163837
[2020.01.29-00.22.50:538][531]LogBlueprintUserMessages: [DummyEnemy7] TakingDamage
[2020.01.29-00.22.50:757][540]LogBlueprintUserMessages: [ThirdPersonCharacter_C_0] Enemy Found
[2020.01.29-00.22.50:758][540]LogBlueprintUserMessages: [ThirdPersonCharacter_C_0] 0.019782
[2020.01.29-00.22.50:758][540]LogBlueprintUserMessages: [DummyEnemy5] TakingDamage
[2020.01.29-00.22.52:283][627]LogBlueprintUserMessages: [ThirdPersonCharacter_C_0] Enemy Found
[2020.01.29-00.22.52:283][627]LogBlueprintUserMessages: [ThirdPersonCharacter_C_0] 0.629939
[2020.01.29-00.22.52:283][627]LogBlueprintUserMessages: [DummyEnemy4_2] TakingDamage
[2020.01.29-00.22.53:266][685]LogBlueprintUserMessages: [ThirdPersonCharacter_C_0] Enemy Found
[2020.01.29-00.22.53:266][685]LogBlueprintUserMessages: [ThirdPersonCharacter_C_0] 2.011297
[2020.01.29-00.22.53:266][685]LogBlueprintUserMessages: [DummyEnemy6] TakingDamage
[2020.01.29-00.23.08:281][569]LogBlueprintUserMessages: Early EndPlayMap Detection: Level '/Game/ThirdPersonBP/Maps/ThirdPersonExample.ThirdPersonExample:PersistentLevel' has LevelScriptBlueprint '/Game/ThirdPersonBP/Maps/ThirdPersonExample.ThirdPersonExample:PersistentLevel.ThirdPersonExample' with GeneratedClass '/Game/ThirdPersonBP/Maps/ThirdPersonExample.ThirdPersonExample_C' with ClassGeneratedBy '/Game/ThirdPersonBP/Maps/ThirdPersonExample.ThirdPersonExample:PersistentLevel.ThirdPersonExample'
[2020.01.29-00.23.08:282][569]LogSlate: Updating window title bar state: overlay mode, drag disabled, window buttons hidden, title bar hidden
[2020.01.29-00.23.08:282][569]LogWorld: BeginTearingDown for /Game/ThirdPersonBP/Maps/UEDPIE_0_ThirdPersonExample
[2020.01.29-00.23.08:312][569]LogSlate: Window 'FPS Game Preview Standalone (64-bit/PCD3D_SM5)' being destroyed
[2020.01.29-00.23.08:317][569]LogWorld: UWorld::CleanupWorld for ThirdPersonExample, bSessionEnded=true, bCleanupResources=true
[2020.01.29-00.23.08:337][569]LogPlayLevel: Display: Shutting down PIE online subsystems
[2020.01.29-00.23.08:338][569]LogBlueprintUserMessages: Late EndPlayMap Detection: Level '/Game/ThirdPersonBP/Maps/ThirdPersonExample.ThirdPersonExample:PersistentLevel' has LevelScriptBlueprint '/Game/ThirdPersonBP/Maps/ThirdPersonExample.ThirdPersonExample:PersistentLevel.ThirdPersonExample' with GeneratedClass '/Game/ThirdPersonBP/Maps/ThirdPersonExample.ThirdPersonExample_C' with ClassGeneratedBy '/Game/ThirdPersonBP/Maps/ThirdPersonExample.ThirdPersonExample:PersistentLevel.ThirdPersonExample'
[2020.01.29-00.23.08:459][569]LogUObjectHash: Compacting FUObjectHashTables data took   4.45ms
[2020.01.29-00.23.08:477][570]LogPlayLevel: Display: Destroying online subsystem :Context_2
[2020.01.29-00.23.39:767][950]LogDirectoryWatcher: A directory notification failed for 'C:/Users/humbe/Documents/Master Diseño de Videojuegos/Unreal/POC_ArmaConica-v1.2/Content/Collections/' because it could not be accessed. Aborting watch request...
[2020.01.29-00.23.39:767][950]LogDirectoryWatcher: A directory notification failed for 'C:/Users/humbe/Documents/Master Diseño de Videojuegos/Unreal/POC_ArmaConica-v1.2/Content/Developers/humbe/Collections/' because it could not be accessed. Aborting watch request...
[2020.01.29-00.23.39:767][950]LogDirectoryWatcher: A directory notification failed for 'C:/Users/humbe/Documents/Master Diseño de Videojuegos/Unreal/POC_ArmaConica-v1.2/Saved/Collections/' because it could not be accessed. Aborting watch request...
[2020.01.29-00.24.19:343][957]LogAssetEditorManager: Opening Asset editor for Blueprint /Game/ThirdPersonBP/Blueprints/ThirdPersonCharacter.ThirdPersonCharacter
[2020.01.29-00.24.26:117][231]LogSlate: FSceneViewport::OnFocusLost() reason 5
[2020.01.29-00.27.32:676][552]LogSlate: Window 'ThirdPersonCharacter' being destroyed
[2020.01.29-00.27.32:686][552]LogSlate: Window 'ThirdPersonCharacter' being destroyed
[2020.01.29-00.27.32:712][552]LogWorld: UWorld::CleanupWorld for World_4, bSessionEnded=true, bCleanupResources=true
[2020.01.29-00.27.35:201][689]LogUObjectHash: Compacting FUObjectHashTables data took   3.66ms
[2020.01.29-00.27.35:355][689]LogSlate: Window 'FPS - Unreal Editor' being destroyed
[2020.01.29-00.27.35:357][689]LogWindowsTextInputMethodSystem: Display: IME system now deactivated.
[2020.01.29-00.27.35:516][690]Cmd: QUIT_EDITOR
[2020.01.29-00.27.36:133][690]LogExit: Preparing to exit.
[2020.01.29-00.27.36:545][690]LogWorld: UWorld::CleanupWorld for World_2, bSessionEnded=true, bCleanupResources=true
[2020.01.29-00.27.36:548][690]LogWorld: UWorld::CleanupWorld for World_3, bSessionEnded=true, bCleanupResources=true
[2020.01.29-00.27.36:548][690]LogWorld: UWorld::CleanupWorld for World_5, bSessionEnded=true, bCleanupResources=true
[2020.01.29-00.27.36:549][690]LogWorld: UWorld::CleanupWorld for World_6, bSessionEnded=true, bCleanupResources=true
[2020.01.29-00.27.36:550][690]LogWorld: UWorld::CleanupWorld for World_7, bSessionEnded=true, bCleanupResources=true
[2020.01.29-00.27.36:551][690]LogWorld: UWorld::CleanupWorld for World_1, bSessionEnded=true, bCleanupResources=true
[2020.01.29-00.27.36:588][690]LogDemo: Cleaned up 0 splitscreen connections with owner deletion
[2020.01.29-00.27.36:603][690]LogWorld: UWorld::CleanupWorld for None, bSessionEnded=true, bCleanupResources=true
[2020.01.29-00.27.36:604][690]LogExit: Editor shut down
[2020.01.29-00.27.36:604][690]LogExit: Transaction tracking system shut down
[2020.01.29-00.27.36:884][690]LogExit: Object subsystem successfully closed.
[2020.01.29-00.27.36:911][690]LogShaderCompilers: Display: Shaders left to compile 0
[2020.01.29-00.27.36:948][690]LogModuleManager: Shutting down and abandoning module MovieSceneCapture (678)
[2020.01.29-00.27.36:948][690]LogModuleManager: Shutting down and abandoning module Voice (676)
[2020.01.29-00.27.36:948][690]LogModuleManager: Shutting down and abandoning module BlueprintGraph (674)
[2020.01.29-00.27.36:948][690]LogModuleManager: Shutting down and abandoning module HierarchicalLODOutliner (672)
[2020.01.29-00.27.36:948][690]LogModuleManager: Shutting down and abandoning module SceneOutliner (670)
[2020.01.29-00.27.36:948][690]LogModuleManager: Shutting down and abandoning module AddContentDialog (668)
[2020.01.29-00.27.36:949][690]LogModuleManager: Shutting down and abandoning module WidgetCarousel (667)
[2020.01.29-00.27.36:949][690]LogModuleManager: Shutting down and abandoning module EditorWidgets (664)
[2020.01.29-00.27.36:949][690]LogModuleManager: Shutting down and abandoning module CollectionManager (662)
[2020.01.29-00.27.36:949][690]LogModuleManager: Shutting down and abandoning module StatsViewer (660)
[2020.01.29-00.27.36:949][690]LogModuleManager: Shutting down and abandoning module VirtualTexturingEditor (658)
[2020.01.29-00.27.36:949][690]LogModuleManager: Shutting down and abandoning module FoliageEdit (656)
[2020.01.29-00.27.36:949][690]LogModuleManager: Shutting down and abandoning module LandscapeEditor (654)
[2020.01.29-00.27.36:949][690]LogModuleManager: Shutting down and abandoning module MeshPaintMode (652)
[2020.01.29-00.27.36:949][690]LogModuleManager: Shutting down and abandoning module SceneDepthPickerMode (650)
[2020.01.29-00.27.36:949][690]LogModuleManager: Shutting down and abandoning module ActorPickerMode (648)
[2020.01.29-00.27.36:949][690]LogModuleManager: Shutting down and abandoning module GeometryMode (646)
[2020.01.29-00.27.36:949][690]LogModuleManager: Shutting down and abandoning module TextureAlignMode (644)
[2020.01.29-00.27.36:949][690]LogModuleManager: Shutting down and abandoning module BspMode (642)
[2020.01.29-00.27.36:949][690]LogModuleManager: Shutting down and abandoning module PIEPreviewDeviceProfileSelector (640)
[2020.01.29-00.27.36:949][690]LogModuleManager: Shutting down and abandoning module SequenceRecorderSections (638)
[2020.01.29-00.27.36:949][690]LogModuleManager: Shutting down and abandoning module AutomationWorker (636)
[2020.01.29-00.27.36:949][690]LogModuleManager: Shutting down and abandoning module OculusMR (634)
[2020.01.29-00.27.36:949][690]LogModuleManager: Shutting down and abandoning module AudioCaptureEditor (632)
[2020.01.29-00.27.36:949][690]LogModuleManager: Shutting down and abandoning module MatineeToLevelSequence (630)
[2020.01.29-00.27.36:949][690]LogModuleManager: Shutting down and abandoning module LevelSequenceEditor (628)
[2020.01.29-00.27.36:949][690]LogModuleManager: Shutting down and abandoning module PlacementMode (627)
[2020.01.29-00.27.36:949][690]LogModuleManager: Shutting down and abandoning module MaterialEditor (626)
[2020.01.29-00.27.36:949][690]LogModuleManager: Shutting down and abandoning module ActorSequenceEditor (622)
[2020.01.29-00.27.36:949][690]LogModuleManager: Shutting down and abandoning module WmfMediaFactory (620)
[2020.01.29-00.27.36:949][690]LogModuleManager: Shutting down and abandoning module WmfMediaEditor (618)
[2020.01.29-00.27.36:949][690]LogModuleManager: Shutting down and abandoning module WebMMediaFactory (616)
[2020.01.29-00.27.36:949][690]LogModuleManager: Shutting down and abandoning module WebMMediaEditor (614)
[2020.01.29-00.27.36:949][690]LogModuleManager: Shutting down and abandoning module WebMMedia (612)
[2020.01.29-00.27.36:949][690]LogModuleManager: Shutting down and abandoning module MediaPlayerEditor (610)
[2020.01.29-00.27.36:949][690]LogModuleManager: Shutting down and abandoning module MediaCompositingEditor (608)
[2020.01.29-00.27.36:950][690]LogModuleManager: Shutting down and abandoning module SequenceRecorder (607)
[2020.01.29-00.27.36:950][690]LogModuleManager: Shutting down and abandoning module OpenExrWrapper (604)
[2020.01.29-00.27.36:950][690]LogModuleManager: Shutting down and abandoning module ImgMediaFactory (602)
[2020.01.29-00.27.36:950][690]LogModuleManager: Shutting down and abandoning module ImgMediaEditor (600)
[2020.01.29-00.27.36:950][690]LogModuleManager: Shutting down and abandoning module AvfMediaFactory (598)
[2020.01.29-00.27.36:950][690]LogModuleManager: Shutting down and abandoning module AvfMediaEditor (596)
[2020.01.29-00.27.36:950][690]LogModuleManager: Shutting down and abandoning module AndroidMediaFactory (594)
[2020.01.29-00.27.36:950][690]LogModuleManager: Shutting down and abandoning module AndroidMediaEditor (592)
[2020.01.29-00.27.36:950][690]LogModuleManager: Shutting down and abandoning module MagicLeapCameraPreviewFactory (590)
[2020.01.29-00.27.36:950][690]LogModuleManager: Shutting down and abandoning module MagicLeapMediaCodecFactory (588)
[2020.01.29-00.27.36:950][690]LogModuleManager: Shutting down and abandoning module MagicLeapMediaFactory (586)
[2020.01.29-00.27.36:950][690]LogModuleManager: Shutting down and abandoning module MagicLeapMediaEditor (584)
[2020.01.29-00.27.36:950][690]LogModuleManager: Shutting down and abandoning module CharacterAI (582)
[2020.01.29-00.27.36:950][690]LogModuleManager: Shutting down and abandoning module SmartSnapping (580)
[2020.01.29-00.27.36:950][690]LogModuleManager: Shutting down and abandoning module SessionServices (578)
[2020.01.29-00.27.36:950][690]LogModuleManager: Shutting down and abandoning module MeshPaint (576)
[2020.01.29-00.27.36:950][690]LogModuleManager: Shutting down and abandoning module ViewportSnapping (574)
[2020.01.29-00.27.36:950][690]LogModuleManager: Shutting down and abandoning module ViewportInteraction (572)
[2020.01.29-00.27.36:950][690]LogModuleManager: Shutting down and abandoning module ClothPainter (570)
[2020.01.29-00.27.36:950][690]LogModuleManager: Shutting down and abandoning module SkeletalMeshEditor (569)
[2020.01.29-00.27.36:950][690]LogModuleManager: Shutting down and abandoning module LogVisualizer (566)
[2020.01.29-00.27.36:950][690]LogModuleManager: Shutting down and abandoning module IntroTutorials (564)
[2020.01.29-00.27.36:950][690]LogModuleManager: Shutting down and abandoning module GameProjectGeneration (563)
[2020.01.29-00.27.36:950][690]LogModuleManager: Shutting down and abandoning module LuminPlatformEditor (560)
[2020.01.29-00.27.36:950][690]LogModuleManager: Shutting down and abandoning module IOSPlatformEditor (558)
[2020.01.29-00.27.36:950][690]LogModuleManager: Shutting down and abandoning module HTML5PlatformEditor (556)
[2020.01.29-00.27.36:950][690]LogModuleManager: Shutting down and abandoning module AndroidPlatformEditor (554)
[2020.01.29-00.27.36:950][690]LogModuleManager: Shutting down and abandoning module AndroidDeviceDetection (553)
[2020.01.29-00.27.37:153][690]LogModuleManager: Shutting down and abandoning module WindowsPlatformEditor (550)
[2020.01.29-00.27.37:153][690]LogModuleManager: Shutting down and abandoning module LuminRuntimeSettings (548)
[2020.01.29-00.27.37:153][690]LogModuleManager: Shutting down and abandoning module IOSRuntimeSettings (546)
[2020.01.29-00.27.37:153][690]LogModuleManager: Shutting down and abandoning module AndroidRuntimeSettings (544)
[2020.01.29-00.27.37:153][690]LogModuleManager: Shutting down and abandoning module TimeManagementEditor (542)
[2020.01.29-00.27.37:153][690]LogModuleManager: Shutting down and abandoning module InputBindingEditor (540)
[2020.01.29-00.27.37:153][690]LogModuleManager: Shutting down and abandoning module MergeActors (538)
[2020.01.29-00.27.37:153][690]LogModuleManager: Shutting down and abandoning module LocalizationDashboard (536)
[2020.01.29-00.27.37:153][690]LogModuleManager: Shutting down and abandoning module LocalizationService (535)
[2020.01.29-00.27.37:153][690]LogModuleManager: Shutting down and abandoning module HardwareTargeting (532)
[2020.01.29-00.27.37:153][690]LogModuleManager: Shutting down and abandoning module DeviceProfileEditor (530)
[2020.01.29-00.27.37:153][690]LogModuleManager: Shutting down and abandoning module UndoHistory (528)
[2020.01.29-00.27.37:153][690]LogModuleManager: Shutting down and abandoning module XmlParser (526)
[2020.01.29-00.27.37:153][690]LogModuleManager: Shutting down and abandoning module Blutility (524)
[2020.01.29-00.27.37:153][690]LogModuleManager: Shutting down and abandoning module ProjectSettingsViewer (522)
[2020.01.29-00.27.37:153][690]LogModuleManager: Shutting down and abandoning module ProjectTargetPlatformEditor (521)
[2020.01.29-00.27.37:154][690]LogModuleManager: Shutting down and abandoning module EditorSettingsViewer (518)
[2020.01.29-00.27.37:154][690]LogModuleManager: Shutting down and abandoning module SettingsEditor (516)
[2020.01.29-00.27.37:154][690]LogModuleManager: Shutting down and abandoning module ProjectLauncher (514)
[2020.01.29-00.27.37:154][690]LogModuleManager: Shutting down and abandoning module SessionFrontend (512)
[2020.01.29-00.27.37:154][690]LogModuleManager: Shutting down and abandoning module ProfilerClient (510)
[2020.01.29-00.27.37:154][690]LogModuleManager: Shutting down and abandoning module DeviceManager (508)
[2020.01.29-00.27.37:154][690]LogModuleManager: Shutting down and abandoning module TargetDeviceServices (507)
[2020.01.29-00.27.37:198][690]LogModuleManager: Shutting down and abandoning module AutomationController (504)
[2020.01.29-00.27.37:198][690]LogModuleManager: Shutting down and abandoning module AutomationWindow (502)
[2020.01.29-00.27.37:199][690]LogModuleManager: Shutting down and abandoning module Layers (500)
[2020.01.29-00.27.37:199][690]LogModuleManager: Shutting down and abandoning module ComponentVisualizers (498)
[2020.01.29-00.27.37:199][690]LogModuleManager: Shutting down and abandoning module DetailCustomizations (496)
[2020.01.29-00.27.37:199][690]LogModuleManager: Shutting down and abandoning module PackagesDialog (494)
[2020.01.29-00.27.37:199][690]LogModuleManager: Shutting down and abandoning module AnimationBlueprintEditor (492)
[2020.01.29-00.27.37:199][690]LogModuleManager: Shutting down and abandoning module Persona (490)
[2020.01.29-00.27.37:199][690]LogModuleManager: Shutting down and abandoning module AdvancedPreviewScene (489)
[2020.01.29-00.27.37:199][690]LogModuleManager: Shutting down and abandoning module AnimGraph (487)
[2020.01.29-00.27.37:199][690]LogModuleManager: Shutting down and abandoning module Kismet (484)
[2020.01.29-00.27.37:215][690]LogModuleManager: Shutting down and abandoning module KismetWidgets (483)
[2020.01.29-00.27.37:215][690]LogModuleManager: Shutting down and abandoning module GraphEditor (480)
[2020.01.29-00.27.37:216][690]LogModuleManager: Shutting down and abandoning module StructViewer (478)
[2020.01.29-00.27.37:216][690]LogModuleManager: Shutting down and abandoning module ClassViewer (476)
[2020.01.29-00.27.37:220][690]LogModuleManager: Shutting down and abandoning module Toolbox (474)
[2020.01.29-00.27.37:220][690]LogModuleManager: Shutting down and abandoning module ModuleUI (472)
[2020.01.29-00.27.37:220][690]LogModuleManager: Shutting down and abandoning module MovieSceneTools (470)
[2020.01.29-00.27.37:220][690]LogModuleManager: Shutting down and abandoning module OutputLog (468)
[2020.01.29-00.27.37:221][690]LogModuleManager: Shutting down and abandoning module GammaUI (466)
[2020.01.29-00.27.37:221][690]LogModuleManager: Shutting down and abandoning module Documentation (464)
[2020.01.29-00.27.37:223][690]LogModuleManager: Shutting down and abandoning module LiveCoding (462)
[2020.01.29-00.27.37:223][690]LogModuleManager: Shutting down and abandoning module LevelSequence (460)
[2020.01.29-00.27.37:223][690]LogModuleManager: Shutting down and abandoning module MovieSceneTracks (458)
[2020.01.29-00.27.37:223][690]LogModuleManager: Shutting down and abandoning module MovieScene (456)
[2020.01.29-00.27.37:223][690]LogModuleManager: Shutting down and abandoning module StreamingPauseRendering (454)
[2020.01.29-00.27.37:223][690]LogModuleManager: Shutting down and abandoning module LauncherPlatform (452)
[2020.01.29-00.27.37:223][690]LogModuleManager: Shutting down and abandoning module AnalyticsET (450)
[2020.01.29-00.27.37:223][690]LogModuleManager: Shutting down and abandoning module PortalServices (448)
[2020.01.29-00.27.37:223][690]LogModuleManager: Shutting down and abandoning module PortalRpc (446)
[2020.01.29-00.27.37:223][690]LogModuleManager: Shutting down and abandoning module MessagingRpc (444)
[2020.01.29-00.27.37:223][690]LogModuleManager: Shutting down and abandoning module AIModule (442)
[2020.01.29-00.27.37:223][690]LogModuleManager: Shutting down and abandoning module GameplayDebugger (441)
[2020.01.29-00.27.37:223][690]LogModuleManager: Shutting down and abandoning module AITestSuite (439)
[2020.01.29-00.27.37:223][690]LogModuleManager: Shutting down and abandoning module NavigationSystem (437)
[2020.01.29-00.27.37:223][690]LogModuleManager: Shutting down and abandoning module DesktopPlatform (434)
[2020.01.29-00.27.37:223][690]LogModuleManager: Shutting down and abandoning module ImageWriteQueue (432)
[2020.01.29-00.27.37:232][690]LogModuleManager: Shutting down and abandoning module ProfilerService (430)
[2020.01.29-00.27.37:335][690]LogModuleManager: Shutting down and abandoning module TaskGraph (428)
[2020.01.29-00.27.37:335][690]LogModuleManager: Shutting down and abandoning module ScreenshotTools (426)
[2020.01.29-00.27.37:335][690]LogModuleManager: Shutting down and abandoning module SteamVRController (424)
[2020.01.29-00.27.37:335][690]LogModuleManager: Shutting down and abandoning module ProceduralMeshComponentEditor (422)
[2020.01.29-00.27.37:335][690]LogModuleManager: Shutting down and abandoning module ProceduralMeshComponent (420)
[2020.01.29-00.27.37:335][690]LogModuleManager: Shutting down and abandoning module OculusEditor (418)
[2020.01.29-00.27.37:335][690]LogModuleManager: Shutting down and abandoning module OculusInput (416)
[2020.01.29-00.27.37:335][690]LogModuleManager: Shutting down and abandoning module MobilePatchingUtils (414)
[2020.01.29-00.27.37:335][690]LogModuleManager: Shutting down and abandoning module EditableMesh (412)
[2020.01.29-00.27.37:335][690]LogModuleManager: Shutting down and abandoning module CustomMeshComponent (410)
[2020.01.29-00.27.37:335][690]LogModuleManager: Shutting down and abandoning module CableComponent (408)
[2020.01.29-00.27.37:335][690]LogModuleManager: Shutting down and abandoning module AudioCapture (406)
[2020.01.29-00.27.37:335][690]LogModuleManager: Shutting down and abandoning module ArchVisCharacter (404)
[2020.01.29-00.27.37:335][690]LogModuleManager: Shutting down and abandoning module AppleImageUtilsBlueprintSupport (402)
[2020.01.29-00.27.37:335][690]LogModuleManager: Shutting down and abandoning module AppleImageUtils (400)
[2020.01.29-00.27.37:335][690]LogModuleManager: Shutting down and abandoning module AndroidPermission (398)
[2020.01.29-00.27.37:335][690]LogModuleManager: Shutting down and abandoning module NUTUnrealEngine4 (396)
[2020.01.29-00.27.37:335][690]LogModuleManager: Shutting down and abandoning module NetcodeUnitTest (394)
[2020.01.29-00.27.37:335][690]LogModuleManager: Shutting down and abandoning module MediaCompositing (392)
[2020.01.29-00.27.37:335][690]LogModuleManager: Shutting down and abandoning module ImgMedia (390)
[2020.01.29-00.27.37:335][690]LogModuleManager: Shutting down and abandoning module MagicLeapHelperVulkan (388)
[2020.01.29-00.27.37:335][690]LogModuleManager: Shutting down and abandoning module MagicLeapHelperOpenGL (386)
[2020.01.29-00.27.37:335][690]LogModuleManager: Shutting down and abandoning module MagicLeapAudio (384)
[2020.01.29-00.27.37:335][690]LogModuleManager: Shutting down and abandoning module HTML5Networking (382)
[2020.01.29-00.27.37:335][690]LogModuleManager: Shutting down and abandoning module GeometryCacheTracks (380)
[2020.01.29-00.27.37:335][690]LogModuleManager: Shutting down and abandoning module GeometryCacheSequencer (378)
[2020.01.29-00.27.37:335][690]LogModuleManager: Shutting down and abandoning module BackChannel (376)
[2020.01.29-00.27.37:335][690]LogModuleManager: Shutting down and abandoning module AutomationUtilsEditor (374)
[2020.01.29-00.27.37:335][690]LogModuleManager: Shutting down and abandoning module AutomationUtils (372)
[2020.01.29-00.27.37:335][690]LogModuleManager: Shutting down and abandoning module AlembicImporter (370)
[2020.01.29-00.27.37:335][690]LogModuleManager: Shutting down and abandoning module AlembicLibrary (369)
[2020.01.29-00.27.37:336][690]LogModuleManager: Shutting down and abandoning module GeometryCache (368)
[2020.01.29-00.27.37:336][690]LogModuleManager: Shutting down and abandoning module GeometryCacheEd (367)
[2020.01.29-00.27.37:336][690]LogModuleManager: Shutting down and abandoning module VariantManagerContent (362)
[2020.01.29-00.27.37:336][690]LogModuleManager: Shutting down and abandoning module DatasmithContentEditor (360)
[2020.01.29-00.27.37:336][690]LogModuleManager: Shutting down and abandoning module SpeedTreeImporter (358)
[2020.01.29-00.27.37:336][690]LogModuleManager: Shutting down and abandoning module PluginBrowser (356)
[2020.01.29-00.27.37:336][690]LogModuleManager: Shutting down and abandoning module MobileLauncherProfileWizard (354)
[2020.01.29-00.27.37:336][690]LogModuleManager: Shutting down and abandoning module MaterialAnalyzer (352)
[2020.01.29-00.27.37:336][690]LogModuleManager: Shutting down and abandoning module CurveEditorTools (350)
[2020.01.29-00.27.37:336][690]LogModuleManager: Shutting down and abandoning module CurveEditor (349)
[2020.01.29-00.27.37:336][690]LogModuleManager: Shutting down and abandoning module CryptoKeysOpenSSL (346)
[2020.01.29-00.27.37:336][690]LogModuleManager: Shutting down and abandoning module CryptoKeys (344)
[2020.01.29-00.27.37:336][690]LogModuleManager: Shutting down and abandoning module VisualStudioSourceCodeAccess (342)
[2020.01.29-00.27.37:336][690]LogModuleManager: Shutting down and abandoning module VisualStudioCodeSourceCodeAccess (340)
[2020.01.29-00.27.37:336][690]LogModuleManager: Shutting down and abandoning module UObjectPlugin (338)
[2020.01.29-00.27.37:336][690]LogModuleManager: Shutting down and abandoning module SubversionSourceControl (336)
[2020.01.29-00.27.37:336][690]LogModuleManager: Shutting down and abandoning module PerforceSourceControl (334)
[2020.01.29-00.27.37:336][690]LogModuleManager: Shutting down and abandoning module GitSourceControl (332)
[2020.01.29-00.27.37:336][690]LogModuleManager: Shutting down and abandoning module SourceControl (331)
[2020.01.29-00.27.37:337][690]LogModuleManager: Shutting down and abandoning module CLionSourceCodeAccess (328)
[2020.01.29-00.27.37:337][690]LogModuleManager: Shutting down and abandoning module AnimationSharingEd (326)
[2020.01.29-00.27.37:337][690]LogModuleManager: Shutting down and abandoning module ActorLayerUtilitiesEditor (324)
[2020.01.29-00.27.37:337][690]LogModuleManager: Shutting down and abandoning module ActorLayerUtilities (322)
[2020.01.29-00.27.37:337][690]LogModuleManager: Shutting down and abandoning module LightPropagationVolumeEditor (320)
[2020.01.29-00.27.37:337][690]LogModuleManager: Shutting down and abandoning module PaperTiledImporter (318)
[2020.01.29-00.27.37:337][690]LogModuleManager: Shutting down and abandoning module PaperSpriteSheetImporter (316)
[2020.01.29-00.27.37:337][690]LogModuleManager: Shutting down and abandoning module Paper2DEditor (314)
[2020.01.29-00.27.37:337][690]LogModuleManager: Shutting down and abandoning module SignificanceManager (312)
[2020.01.29-00.27.37:337][690]LogModuleManager: Shutting down and abandoning module RuntimePhysXCooking (310)
[2020.01.29-00.27.37:337][690]LogModuleManager: Shutting down and abandoning module PhysXVehiclesEditor (308)
[2020.01.29-00.27.37:337][690]LogModuleManager: Shutting down and abandoning module LocationServicesBPLibrary (304)
[2020.01.29-00.27.37:337][690]LogModuleManager: Shutting down and abandoning module ApexDestructionEditor (302)
[2020.01.29-00.27.37:337][690]LogModuleManager: Shutting down and abandoning module ApexDestruction (300)
[2020.01.29-00.27.37:337][690]LogModuleManager: Shutting down and abandoning module ActorSequence (298)
[2020.01.29-00.27.37:337][690]LogModuleManager: Shutting down and abandoning module UdpMessaging (296)
[2020.01.29-00.27.37:438][690]LogModuleManager: Shutting down and abandoning module TcpMessaging (294)
[2020.01.29-00.27.37:539][690]LogModuleManager: Shutting down and abandoning module MagicLeapIdentity (292)
[2020.01.29-00.27.37:539][690]LogModuleManager: Shutting down and abandoning module MagicLeapSecureStorage (290)
[2020.01.29-00.27.37:539][690]LogModuleManager: Shutting down and abandoning module MagicLeapHandTracking (288)
[2020.01.29-00.27.37:539][690]LogModuleManager: Shutting down and abandoning module MagicLeapEyeTracker (286)
[2020.01.29-00.27.37:539][690]LogModuleManager: Shutting down and abandoning module MagicLeapController (284)
[2020.01.29-00.27.37:539][690]LogSlate: Slate User Destroyed.  User Index 0, Is Virtual User: 0
[2020.01.29-00.27.37:539][690]LogModuleManager: Shutting down and abandoning module MagicLeapAR (282)
[2020.01.29-00.27.37:539][690]LogModuleManager: Shutting down and abandoning module AugmentedReality (281)
[2020.01.29-00.27.37:539][690]LogModuleManager: Shutting down and abandoning module GameplayTagsEditor (278)
[2020.01.29-00.27.37:539][690]LogModuleManager: Shutting down and abandoning module FacialAnimationEditor (276)
[2020.01.29-00.27.37:539][690]LogModuleManager: Shutting down and abandoning module FacialAnimation (274)
[2020.01.29-00.27.37:539][690]LogModuleManager: Shutting down and abandoning module DataValidation (272)
[2020.01.29-00.27.37:539][690]LogModuleManager: Shutting down and abandoning module AssetManagerEditor (270)
[2020.01.29-00.27.37:540][690]LogModuleManager: Shutting down and abandoning module LevelEditor (269)
[2020.01.29-00.27.37:540][690]LogModuleManager: Shutting down and abandoning module PixelInspectorModule (268)
[2020.01.29-00.27.37:540][690]LogModuleManager: Shutting down and abandoning module CommonMenuExtensions (266)
[2020.01.29-00.27.37:541][690]LogModuleManager: Shutting down and abandoning module MainFrame (264)
[2020.01.29-00.27.37:541][690]LogModuleManager: Shutting down and abandoning module HotReload (263)
[2020.01.29-00.27.37:541][690]LogModuleManager: Shutting down and abandoning module ContentBrowser (259)
[2020.01.29-00.27.37:543][690]LogModuleManager: Shutting down and abandoning module TreeMap (257)
[2020.01.29-00.27.37:543][690]LogModuleManager: Shutting down and abandoning module AnimationSharing (254)
[2020.01.29-00.27.37:543][690]LogModuleManager: Shutting down and abandoning module LightPropagationVolumeRuntime (252)
[2020.01.29-00.27.37:543][690]LogModuleManager: Shutting down and abandoning module Paper2D (250)
[2020.01.29-00.27.37:543][690]LogModuleManager: Shutting down and abandoning module WindowsMoviePlayer (248)
[2020.01.29-00.27.37:546][690]LogModuleManager: Shutting down and abandoning module WebMMoviePlayer (246)
[2020.01.29-00.27.37:547][690]LogModuleManager: Shutting down and abandoning module NetworkReplayStreaming (244)
[2020.01.29-00.27.37:547][690]LogModuleManager: Shutting down and abandoning module PacketHandler (242)
[2020.01.29-00.27.37:547][690]LogModuleManager: Shutting down and abandoning module ClothingSystemEditor (240)
[2020.01.29-00.27.37:547][690]LogModuleManager: Shutting down and abandoning module ClothingSystemRuntime (238)
[2020.01.29-00.27.37:547][690]LogModuleManager: Shutting down and abandoning module MediaAssets (236)
[2020.01.29-00.27.37:547][690]LogModuleManager: Shutting down and abandoning module Overlay (234)
[2020.01.29-00.27.37:547][690]LogModuleManager: Shutting down and abandoning module OverlayEditor (233)
[2020.01.29-00.27.37:547][690]LogModuleManager: Shutting down and abandoning module VREditor (230)
[2020.01.29-00.27.37:547][690]LogModuleManager: Shutting down and abandoning module StringTableEditor (228)
[2020.01.29-00.27.37:547][690]LogModuleManager: Shutting down and abandoning module GameplayTasksEditor (226)
[2020.01.29-00.27.37:547][690]LogModuleManager: Shutting down and abandoning module BehaviorTreeEditor (224)
[2020.01.29-00.27.37:547][690]LogModuleManager: Shutting down and abandoning module FunctionalTesting (222)
[2020.01.29-00.27.37:547][690]LogModuleManager: Shutting down and abandoning module CollisionAnalyzer (220)
[2020.01.29-00.27.37:547][690]LogModuleManager: Shutting down and abandoning module WorkspaceMenuStructure (219)
[2020.01.29-00.27.37:547][690]LogModuleManager: Shutting down and abandoning module UMG (216)
[2020.01.29-00.27.37:547][690]LogModuleManager: Shutting down and abandoning module UMGEditor (215)
[2020.01.29-00.27.37:547][690]LogModuleManager: Shutting down and abandoning module Sequencer (214)
[2020.01.29-00.27.37:547][690]LogModuleManager: Shutting down and abandoning module MessageLog (211)
[2020.01.29-00.27.37:547][690]LogModuleManager: Shutting down and abandoning module SlateReflector (206)
[2020.01.29-00.27.37:547][690]LogModuleManager: Shutting down and abandoning module Slate (204)
[2020.01.29-00.27.37:547][690]LogModuleManager: Shutting down and abandoning module LandscapeEditorUtilities (202)
[2020.01.29-00.27.37:547][690]LogModuleManager: Shutting down and abandoning module EditorStyle (200)
[2020.01.29-00.27.37:549][690]LogModuleManager: Shutting down and abandoning module UnrealEd (198)
[2020.01.29-00.27.37:549][690]LogModuleManager: Shutting down and abandoning module MRMesh (196)
[2020.01.29-00.27.37:549][690]LogModuleManager: Shutting down and abandoning module SourceCodeAccess (194)
[2020.01.29-00.27.37:549][690]LogModuleManager: Shutting down and abandoning module HeadMountedDisplay (192)
[2020.01.29-00.27.37:549][690]LogModuleManager: Shutting down and abandoning module XAudio2 (190)
[2020.01.29-00.27.37:549][690]LogModuleManager: Shutting down and abandoning module Networking (188)
[2020.01.29-00.27.37:549][690]LogModuleManager: Shutting down and abandoning module Core (186)
[2020.01.29-00.27.37:549][690]LogModuleManager: Shutting down and abandoning module KismetCompiler (184)
[2020.01.29-00.27.37:549][690]LogModuleManager: Shutting down and abandoning module MeshUtilities (182)
[2020.01.29-00.27.37:549][690]LogModuleManager: Shutting down and abandoning module MeshMergeUtilities (181)
[2020.01.29-00.27.37:549][690]LogModuleManager: Shutting down and abandoning module MeshReductionInterface (180)
[2020.01.29-00.27.37:549][690]LogModuleManager: Shutting down and abandoning module SkeletalMeshReduction (179)
[2020.01.29-00.27.37:549][690]LogModuleManager: Shutting down and abandoning module ProxyLODMeshReduction (177)
[2020.01.29-00.27.37:549][690]LogModuleManager: Shutting down and abandoning module QuadricMeshReduction (175)
[2020.01.29-00.27.37:549][690]LogModuleManager: Shutting down and abandoning module MaterialBaking (171)
[2020.01.29-00.27.37:549][690]LogModuleManager: Shutting down and abandoning module NullInstallBundleManager (166)
[2020.01.29-00.27.37:549][690]LogModuleManager: Shutting down and abandoning module DerivedDataCache (164)
[2020.01.29-00.27.37:568][690]LogDerivedDataCache: Shutdown
[2020.01.29-00.27.37:568][690]LogModuleManager: Shutting down and abandoning module XGEController (162)
[2020.01.29-00.27.37:568][690]LogModuleManager: Shutting down and abandoning module TargetPlatform (160)
[2020.01.29-00.27.37:568][690]LogModuleManager: Shutting down and abandoning module VulkanShaderFormat (159)
[2020.01.29-00.27.37:568][690]LogModuleManager: Shutting down and abandoning module ShaderFormatVectorVM (157)
[2020.01.29-00.27.37:568][690]LogModuleManager: Shutting down and abandoning module ShaderFormatOpenGL (155)
[2020.01.29-00.27.37:568][690]LogModuleManager: Shutting down and abandoning module ShaderFormatD3D (153)
[2020.01.29-00.27.37:568][690]LogModuleManager: Shutting down and abandoning module MetalShaderFormat (151)
[2020.01.29-00.27.37:569][690]LogModuleManager: Shutting down and abandoning module TextureFormatUncompressed (149)
[2020.01.29-00.27.37:569][690]LogModuleManager: Shutting down and abandoning module TextureFormatPVR (147)
[2020.01.29-00.27.37:569][690]LogModuleManager: Shutting down and abandoning module TextureFormatDXT (145)
[2020.01.29-00.27.37:569][690]LogModuleManager: Shutting down and abandoning module TextureFormatIntelISPCTexComp (143)
[2020.01.29-00.27.37:569][690]LogModuleManager: Shutting down and abandoning module TextureFormatASTC (141)
[2020.01.29-00.27.37:569][690]LogModuleManager: Shutting down and abandoning module ImageWrapper (140)
[2020.01.29-00.27.37:569][690]LogModuleManager: Shutting down and abandoning module TextureFormatAndroid (137)
[2020.01.29-00.27.37:569][690]LogModuleManager: Shutting down and abandoning module AudioFormatOpus (135)
[2020.01.29-00.27.37:569][690]LogModuleManager: Shutting down and abandoning module AudioFormatOgg (133)
[2020.01.29-00.27.37:569][690]LogModuleManager: Shutting down and abandoning module AudioFormatADPCM (131)
[2020.01.29-00.27.37:569][690]LogModuleManager: Shutting down and abandoning module LuminTargetPlatform (129)
[2020.01.29-00.27.37:569][690]LogModuleManager: Shutting down and abandoning module LinuxTargetPlatform (127)
[2020.01.29-00.27.37:570][690]LogModuleManager: Shutting down and abandoning module LinuxServerTargetPlatform (125)
[2020.01.29-00.27.37:570][690]LogModuleManager: Shutting down and abandoning module LinuxNoEditorTargetPlatform (123)
[2020.01.29-00.27.37:570][690]LogModuleManager: Shutting down and abandoning module LinuxClientTargetPlatform (121)
[2020.01.29-00.27.37:570][690]LogModuleManager: Shutting down and abandoning module TVOSTargetPlatform (119)
[2020.01.29-00.27.37:570][690]LogModuleManager: Shutting down and abandoning module Messaging (117)
[2020.01.29-00.27.37:570][690]LogModuleManager: Shutting down and abandoning module IOSTargetPlatform (115)
[2020.01.29-00.27.37:571][690]LogModuleManager: Shutting down and abandoning module HTML5TargetPlatform (113)
[2020.01.29-00.27.37:571][690]LogModuleManager: Shutting down and abandoning module AndroidTargetPlatform (111)
[2020.01.29-00.27.37:576][690]LogModuleManager: Shutting down and abandoning module WindowsTargetPlatform (109)
[2020.01.29-00.27.37:576][690]LogModuleManager: Shutting down and abandoning module WindowsServerTargetPlatform (107)
[2020.01.29-00.27.37:576][690]LogModuleManager: Shutting down and abandoning module WindowsNoEditorTargetPlatform (105)
[2020.01.29-00.27.37:576][690]LogModuleManager: Shutting down and abandoning module WindowsClientTargetPlatform (103)
[2020.01.29-00.27.37:576][690]LogModuleManager: Shutting down and abandoning module MacTargetPlatform (101)
[2020.01.29-00.27.37:577][690]LogModuleManager: Shutting down and abandoning module MacServerTargetPlatform (99)
[2020.01.29-00.27.37:577][690]LogModuleManager: Shutting down and abandoning module MacNoEditorTargetPlatform (97)
[2020.01.29-00.27.37:577][690]LogModuleManager: Shutting down and abandoning module MacClientTargetPlatform (95)
[2020.01.29-00.27.37:577][690]LogModuleManager: Shutting down and abandoning module AllDesktopTargetPlatform (93)
[2020.01.29-00.27.37:577][690]LogModuleManager: Shutting down and abandoning module InputCore (90)
[2020.01.29-00.27.37:577][690]LogModuleManager: Shutting down and abandoning module Settings (88)
[2020.01.29-00.27.37:577][690]LogModuleManager: Shutting down and abandoning module DirectoryWatcher (86)
[2020.01.29-00.27.37:577][690]LogModuleManager: Shutting down and abandoning module PhysXCooking (84)
[2020.01.29-00.27.37:577][690]LogModuleManager: Shutting down and abandoning module WindowsPlatformFeatures (82)
[2020.01.29-00.27.37:577][690]LogModuleManager: Shutting down and abandoning module GameplayMediaEncoder (81)
[2020.01.29-00.27.37:577][690]LogModuleManager: Shutting down and abandoning module SteamVR (78)
[2020.01.29-00.27.37:577][690]LogHMD: Freeing OpenVRDLLHandle.
[2020.01.29-00.27.37:577][690]LogModuleManager: Shutting down and abandoning module OculusHMD (76)
[2020.01.29-00.27.37:577][690]LogModuleManager: Shutting down and abandoning module ExampleDeviceProfileSelector (74)
[2020.01.29-00.27.37:577][690]LogModuleManager: Shutting down and abandoning module LauncherChunkInstaller (72)
[2020.01.29-00.27.37:577][690]LogModuleManager: Shutting down and abandoning module OnlineBlueprintSupport (70)
[2020.01.29-00.27.37:577][690]LogModuleManager: Shutting down and abandoning module OnlineSubsystem (66)
[2020.01.29-00.27.37:578][690]LogModuleManager: Shutting down and abandoning module XMPP (61)
[2020.01.29-00.27.37:578][690]LogModuleManager: Shutting down and abandoning module WebSockets (60)
[2020.01.29-00.27.37:608][690]LogModuleManager: Shutting down and abandoning module HTTP (57)
[2020.01.29-00.27.37:609][690]LogHttp: Display: Http module shutting down, but needs to wait on 1 outstanding Http requests:
[2020.01.29-00.27.37:609][690]LogHttp: Display: 	verb=[POST] url=[https://datarouter.ol.epicgames.com/datarouter/api/v1/public/data?SessionID=%7BEE5E8167-427E-94B0-7D96-2FB27622D79E%7D&AppID=UEEditor.Rocket.Release&AppVersion=4.23.1-9631420%2B%2B%2BUE4%2BRelease-4.23&UserID=e905fa7e45341b297a734aa5d2436fec%7C65ab24a0784a4a049fdf22111d2ec3ea%7Cd987a55b-a1c5-4a5c-bab5-38e21d4c75a1&AppEnvironment=datacollector-binary&UploadType=eteventstream] status=Processing
[2020.01.29-00.27.37:621][690]LogModuleManager: Shutting down and abandoning module SSL (56)
[2020.01.29-00.27.37:622][690]LogModuleManager: Shutting down and abandoning module WmfMedia (52)
[2020.01.29-00.27.37:624][690]LogModuleManager: Shutting down and abandoning module Media (51)
[2020.01.29-00.27.37:625][690]LogModuleManager: Shutting down and abandoning module MagicLeap (48)
[2020.01.29-00.27.37:625][690]LogModuleManager: Shutting down and abandoning module DatasmithContent (46)
[2020.01.29-00.27.37:625][690]LogModuleManager: Shutting down and abandoning module AISupportModule (44)
[2020.01.29-00.27.37:625][690]LogModuleManager: Shutting down and abandoning module PlatformCryptoOpenSSL (42)
[2020.01.29-00.27.37:625][690]LogModuleManager: Shutting down and abandoning module PlatformCrypto (40)
[2020.01.29-00.27.37:625][690]LogModuleManager: Shutting down and abandoning module AnimationModifiers (38)
[2020.01.29-00.27.37:625][690]LogModuleManager: Shutting down and abandoning module PropertyEditor (37)
[2020.01.29-00.27.37:626][690]LogModuleManager: Shutting down and abandoning module AudioEditor (34)
[2020.01.29-00.27.37:626][690]LogModuleManager: Shutting down and abandoning module TextureCompressor (32)
[2020.01.29-00.27.37:626][690]LogModuleManager: Shutting down and abandoning module RenderCore (30)
[2020.01.29-00.27.37:626][690]LogModuleManager: Shutting down and abandoning module Landscape (28)
[2020.01.29-00.27.37:626][690]LogModuleManager: Shutting down and abandoning module SlateRHIRenderer (26)
[2020.01.29-00.27.37:627][690]LogModuleManager: Shutting down and abandoning module OpenGLDrv (24)
[2020.01.29-00.27.37:627][690]LogModuleManager: Shutting down and abandoning module D3D11RHI (22)
[2020.01.29-00.27.37:627][690]LogModuleManager: Shutting down and abandoning module AnimGraphRuntime (20)
[2020.01.29-00.27.37:627][690]LogModuleManager: Shutting down and abandoning module Renderer (18)
[2020.01.29-00.27.37:627][690]LogModuleManager: Shutting down and abandoning module Engine (16)
[2020.01.29-00.27.37:627][690]LogModuleManager: Shutting down and abandoning module CoreUObject (14)
[2020.01.29-00.27.37:627][690]LogModuleManager: Shutting down and abandoning module NetworkFile (12)
[2020.01.29-00.27.37:627][690]LogModuleManager: Shutting down and abandoning module CookedIterativeFile (10)
[2020.01.29-00.27.37:627][690]LogModuleManager: Shutting down and abandoning module StreamingFile (8)
[2020.01.29-00.27.37:627][690]LogModuleManager: Shutting down and abandoning module SandboxFile (6)
[2020.01.29-00.27.37:627][690]LogModuleManager: Shutting down and abandoning module PakFile (4)
[2020.01.29-00.27.37:627][690]LogModuleManager: Shutting down and abandoning module RSA (3)
[2020.01.29-00.27.37:628][690]LogD3D11RHI: Shutdown
[2020.01.29-00.27.37:628][690]LogD3D11RHI: CleanupD3DDevice
[2020.01.29-00.27.37:628][690]LogRendererCore: FGlobalDynamicReadBuffer::Cleanup()
[2020.01.29-00.27.37:628][690]LogRendererCore: FGlobalDynamicReadBuffer::Cleanup()
[2020.01.29-00.27.37:628][690]LogRendererCore: FGlobalDynamicReadBuffer::Cleanup()
[2020.01.29-00.27.37:824][690]LogD3D11RHI: ~FD3D11DynamicRHI
[2020.01.29-00.27.37:834][690]LogExit: Exiting.
[2020.01.29-00.27.37:845][690]Log file closed, 01/29/20 01:27:37
